<?xml version="1.0" encoding="UTF-8" ?>
<testsuites name="vitest tests" tests="374" failures="2" errors="0" time="8.143607843">
    <testsuite name="src/test/BonusBadgeList.test.jsx" timestamp="2026-06-17T18:47:30.667Z" hostname="cirilla" tests="5" failures="0" errors="0" skipped="0" time="0.106922069">
        <testcase classname="src/test/BonusBadgeList.test.jsx" name="BonusBadgeList &gt; returns null for missing or empty items" time="0.018151932">
        </testcase>
        <testcase classname="src/test/BonusBadgeList.test.jsx" name="BonusBadgeList &gt; hides zero / non-finite values by default and renders known stat icons" time="0.061813751">
            <system-err>
BonusBadgeList: error parsing value [33m5[39m TypeError: item?.value.includes is not a function
    at [90m/mnt/Dati4/Workspace/pathsgames/code/frontend/react-game/[39msrc/components/ui/BonusBadgeList.jsx:70:27
    at Array.filter (&lt;anonymous&gt;)
    at BonusBadgeList [90m(/mnt/Dati4/Workspace/pathsgames/code/frontend/react-game/[39msrc/components/ui/BonusBadgeList.jsx:68:13[90m)[39m
    at renderWithHooks [90m(/mnt/Dati4/Workspace/pathsgames/code/frontend/react-game/[39mnode_modules/[4mreact-dom[24m/cjs/react-dom.development.js:15486:18[90m)[39m
    at mountIndeterminateComponent [90m(/mnt/Dati4/Workspace/pathsgames/code/frontend/react-game/[39mnode_modules/[4mreact-dom[24m/cjs/react-dom.development.js:20103:13[90m)[39m
    at beginWork [90m(/mnt/Dati4/Workspace/pathsgames/code/frontend/react-game/[39mnode_modules/[4mreact-dom[24m/cjs/react-dom.development.js:21626:16[90m)[39m
    at beginWork$1 [90m(/mnt/Dati4/Workspace/pathsgames/code/frontend/react-game/[39mnode_modules/[4mreact-dom[24m/cjs/react-dom.development.js:27465:14[90m)[39m
    at performUnitOfWork [90m(/mnt/Dati4/Workspace/pathsgames/code/frontend/react-game/[39mnode_modules/[4mreact-dom[24m/cjs/react-dom.development.js:26599:12[90m)[39m
    at workLoopSync [90m(/mnt/Dati4/Workspace/pathsgames/code/frontend/react-game/[39mnode_modules/[4mreact-dom[24m/cjs/react-dom.development.js:26505:5[90m)[39m
    at renderRootSync [90m(/mnt/Dati4/Workspace/pathsgames/code/frontend/react-game/[39mnode_modules/[4mreact-dom[24m/cjs/react-dom.development.js:26473:7[90m)[39m
BonusBadgeList: error parsing value [33m0[39m TypeError: item?.value.includes is not a function
    at [90m/mnt/Dati4/Workspace/pathsgames/code/frontend/react-game/[39msrc/components/ui/BonusBadgeList.jsx:70:27
    at Array.filter (&lt;anonymous&gt;)
    at BonusBadgeList [90m(/mnt/Dati4/Workspace/pathsgames/code/frontend/react-game/[39msrc/components/ui/BonusBadgeList.jsx:68:13[90m)[39m
    at renderWithHooks [90m(/mnt/Dati4/Workspace/pathsgames/code/frontend/react-game/[39mnode_modules/[4mreact-dom[24m/cjs/react-dom.development.js:15486:18[90m)[39m
    at mountIndeterminateComponent [90m(/mnt/Dati4/Workspace/pathsgames/code/frontend/react-game/[39mnode_modules/[4mreact-dom[24m/cjs/react-dom.development.js:20103:13[90m)[39m
    at beginWork [90m(/mnt/Dati4/Workspace/pathsgames/code/frontend/react-game/[39mnode_modules/[4mreact-dom[24m/cjs/react-dom.development.js:21626:16[90m)[39m
    at beginWork$1 [90m(/mnt/Dati4/Workspace/pathsgames/code/frontend/react-game/[39mnode_modules/[4mreact-dom[24m/cjs/react-dom.development.js:27465:14[90m)[39m
    at performUnitOfWork [90m(/mnt/Dati4/Workspace/pathsgames/code/frontend/react-game/[39mnode_modules/[4mreact-dom[24m/cjs/react-dom.development.js:26599:12[90m)[39m
    at workLoopSync [90m(/mnt/Dati4/Workspace/pathsgames/code/frontend/react-game/[39mnode_modules/[4mreact-dom[24m/cjs/react-dom.development.js:26505:5[90m)[39m
    at renderRootSync [90m(/mnt/Dati4/Workspace/pathsgames/code/frontend/react-game/[39mnode_modules/[4mreact-dom[24m/cjs/react-dom.development.js:26473:7[90m)[39m
BonusBadgeList: error parsing value [1mnull[22m TypeError: Cannot read properties of null (reading &apos;includes&apos;)
    at [90m/mnt/Dati4/Workspace/pathsgames/code/frontend/react-game/[39msrc/components/ui/BonusBadgeList.jsx:70:21
    at Array.filter (&lt;anonymous&gt;)
    at BonusBadgeList [90m(/mnt/Dati4/Workspace/pathsgames/code/frontend/react-game/[39msrc/components/ui/BonusBadgeList.jsx:68:13[90m)[39m
    at renderWithHooks [90m(/mnt/Dati4/Workspace/pathsgames/code/frontend/react-game/[39mnode_modules/[4mreact-dom[24m/cjs/react-dom.development.js:15486:18[90m)[39m
    at mountIndeterminateComponent [90m(/mnt/Dati4/Workspace/pathsgames/code/frontend/react-game/[39mnode_modules/[4mreact-dom[24m/cjs/react-dom.development.js:20103:13[90m)[39m
    at beginWork [90m(/mnt/Dati4/Workspace/pathsgames/code/frontend/react-game/[39mnode_modules/[4mreact-dom[24m/cjs/react-dom.development.js:21626:16[90m)[39m
    at beginWork$1 [90m(/mnt/Dati4/Workspace/pathsgames/code/frontend/react-game/[39mnode_modules/[4mreact-dom[24m/cjs/react-dom.development.js:27465:14[90m)[39m
    at performUnitOfWork [90m(/mnt/Dati4/Workspace/pathsgames/code/frontend/react-game/[39mnode_modules/[4mreact-dom[24m/cjs/react-dom.development.js:26599:12[90m)[39m
    at workLoopSync [90m(/mnt/Dati4/Workspace/pathsgames/code/frontend/react-game/[39mnode_modules/[4mreact-dom[24m/cjs/react-dom.development.js:26505:5[90m)[39m
    at renderRootSync [90m(/mnt/Dati4/Workspace/pathsgames/code/frontend/react-game/[39mnode_modules/[4mreact-dom[24m/cjs/react-dom.development.js:26473:7[90m)[39m

            </system-err>
        </testcase>
        <testcase classname="src/test/BonusBadgeList.test.jsx" name="BonusBadgeList &gt; keeps zero values when showZeros is set" time="0.01253347">
        </testcase>
        <testcase classname="src/test/BonusBadgeList.test.jsx" name="BonusBadgeList &gt; returns null when every item is filtered out" time="0.003613963">
            <system-err>
BonusBadgeList: error parsing value [33m0[39m TypeError: item?.value.includes is not a function
    at [90m/mnt/Dati4/Workspace/pathsgames/code/frontend/react-game/[39msrc/components/ui/BonusBadgeList.jsx:70:27
    at Array.filter (&lt;anonymous&gt;)
    at BonusBadgeList [90m(/mnt/Dati4/Workspace/pathsgames/code/frontend/react-game/[39msrc/components/ui/BonusBadgeList.jsx:68:13[90m)[39m
    at renderWithHooks [90m(/mnt/Dati4/Workspace/pathsgames/code/frontend/react-game/[39mnode_modules/[4mreact-dom[24m/cjs/react-dom.development.js:15486:18[90m)[39m
    at mountIndeterminateComponent [90m(/mnt/Dati4/Workspace/pathsgames/code/frontend/react-game/[39mnode_modules/[4mreact-dom[24m/cjs/react-dom.development.js:20103:13[90m)[39m
    at beginWork [90m(/mnt/Dati4/Workspace/pathsgames/code/frontend/react-game/[39mnode_modules/[4mreact-dom[24m/cjs/react-dom.development.js:21626:16[90m)[39m
    at beginWork$1 [90m(/mnt/Dati4/Workspace/pathsgames/code/frontend/react-game/[39mnode_modules/[4mreact-dom[24m/cjs/react-dom.development.js:27465:14[90m)[39m
    at performUnitOfWork [90m(/mnt/Dati4/Workspace/pathsgames/code/frontend/react-game/[39mnode_modules/[4mreact-dom[24m/cjs/react-dom.development.js:26599:12[90m)[39m
    at workLoopSync [90m(/mnt/Dati4/Workspace/pathsgames/code/frontend/react-game/[39mnode_modules/[4mreact-dom[24m/cjs/react-dom.development.js:26505:5[90m)[39m
    at renderRootSync [90m(/mnt/Dati4/Workspace/pathsgames/code/frontend/react-game/[39mnode_modules/[4mreact-dom[24m/cjs/react-dom.development.js:26473:7[90m)[39m

            </system-err>
        </testcase>
        <testcase classname="src/test/BonusBadgeList.test.jsx" name="BonusBadgeList &gt; falls back to the default visual for an unknown stat key" time="0.006643815">
            <system-err>
BonusBadgeList: error parsing value [33m3[39m TypeError: item?.value.includes is not a function
    at [90m/mnt/Dati4/Workspace/pathsgames/code/frontend/react-game/[39msrc/components/ui/BonusBadgeList.jsx:70:27
    at Array.filter (&lt;anonymous&gt;)
    at BonusBadgeList [90m(/mnt/Dati4/Workspace/pathsgames/code/frontend/react-game/[39msrc/components/ui/BonusBadgeList.jsx:68:13[90m)[39m
    at renderWithHooks [90m(/mnt/Dati4/Workspace/pathsgames/code/frontend/react-game/[39mnode_modules/[4mreact-dom[24m/cjs/react-dom.development.js:15486:18[90m)[39m
    at mountIndeterminateComponent [90m(/mnt/Dati4/Workspace/pathsgames/code/frontend/react-game/[39mnode_modules/[4mreact-dom[24m/cjs/react-dom.development.js:20103:13[90m)[39m
    at beginWork [90m(/mnt/Dati4/Workspace/pathsgames/code/frontend/react-game/[39mnode_modules/[4mreact-dom[24m/cjs/react-dom.development.js:21626:16[90m)[39m
    at beginWork$1 [90m(/mnt/Dati4/Workspace/pathsgames/code/frontend/react-game/[39mnode_modules/[4mreact-dom[24m/cjs/react-dom.development.js:27465:14[90m)[39m
    at performUnitOfWork [90m(/mnt/Dati4/Workspace/pathsgames/code/frontend/react-game/[39mnode_modules/[4mreact-dom[24m/cjs/react-dom.development.js:26599:12[90m)[39m
    at workLoopSync [90m(/mnt/Dati4/Workspace/pathsgames/code/frontend/react-game/[39mnode_modules/[4mreact-dom[24m/cjs/react-dom.development.js:26505:5[90m)[39m
    at renderRootSync [90m(/mnt/Dati4/Workspace/pathsgames/code/frontend/react-game/[39mnode_modules/[4mreact-dom[24m/cjs/react-dom.development.js:26473:7[90m)[39m

            </system-err>
        </testcase>
    </testsuite>
    <testsuite name="src/test/Book.test.jsx" timestamp="2026-06-17T18:47:30.669Z" hostname="cirilla" tests="6" failures="0" errors="0" skipped="0" time="0.107197388">
        <testcase classname="src/test/Book.test.jsx" name="Book &gt; renders left and right content" time="0.053017345">
        </testcase>
        <testcase classname="src/test/Book.test.jsx" name="Book &gt; renders close button when onClose is provided" time="0.026601028">
        </testcase>
        <testcase classname="src/test/Book.test.jsx" name="Book &gt; does not render close button when onClose is omitted" time="0.004713781">
        </testcase>
        <testcase classname="src/test/Book.test.jsx" name="Book &gt; applies custom overlayClass and wrapperClass" time="0.008309996">
        </testcase>
        <testcase classname="src/test/Book.test.jsx" name="Book &gt; renders mobile slot when provided" time="0.005995498">
        </testcase>
        <testcase classname="src/test/Book.test.jsx" name="Book &gt; renders book-spine inside the wrapper" time="0.003899384">
        </testcase>
    </testsuite>
    <testsuite name="src/test/BookPageContent.test.jsx" timestamp="2026-06-17T18:47:30.671Z" hostname="cirilla" tests="6" failures="0" errors="0" skipped="0" time="0.174403916">
        <testcase classname="src/test/BookPageContent.test.jsx" name="BookPageContent &gt; shows the loading spinner when loading" time="0.054119579">
        </testcase>
        <testcase classname="src/test/BookPageContent.test.jsx" name="BookPageContent &gt; renders title, image, description and credits; close fires onClose" time="0.061651146">
        </testcase>
        <testcase classname="src/test/BookPageContent.test.jsx" name="BookPageContent &gt; renders extraContent and entity stat badges (non-canonical key)" time="0.030343937">
            <system-err>
BonusBadgeList: error parsing value [33m5[39m TypeError: item?.value.includes is not a function
    at [90m/mnt/Dati4/Workspace/pathsgames/code/frontend/react-game/[39msrc/components/ui/BonusBadgeList.jsx:70:27
    at Array.filter (&lt;anonymous&gt;)
    at BonusBadgeList [90m(/mnt/Dati4/Workspace/pathsgames/code/frontend/react-game/[39msrc/components/ui/BonusBadgeList.jsx:68:13[90m)[39m
    at renderWithHooks [90m(/mnt/Dati4/Workspace/pathsgames/code/frontend/react-game/[39mnode_modules/[4mreact-dom[24m/cjs/react-dom.development.js:15486:18[90m)[39m
    at mountIndeterminateComponent [90m(/mnt/Dati4/Workspace/pathsgames/code/frontend/react-game/[39mnode_modules/[4mreact-dom[24m/cjs/react-dom.development.js:20103:13[90m)[39m
    at beginWork [90m(/mnt/Dati4/Workspace/pathsgames/code/frontend/react-game/[39mnode_modules/[4mreact-dom[24m/cjs/react-dom.development.js:21626:16[90m)[39m
    at beginWork$1 [90m(/mnt/Dati4/Workspace/pathsgames/code/frontend/react-game/[39mnode_modules/[4mreact-dom[24m/cjs/react-dom.development.js:27465:14[90m)[39m
    at performUnitOfWork [90m(/mnt/Dati4/Workspace/pathsgames/code/frontend/react-game/[39mnode_modules/[4mreact-dom[24m/cjs/react-dom.development.js:26599:12[90m)[39m
    at workLoopSync [90m(/mnt/Dati4/Workspace/pathsgames/code/frontend/react-game/[39mnode_modules/[4mreact-dom[24m/cjs/react-dom.development.js:26505:5[90m)[39m
    at renderRootSync [90m(/mnt/Dati4/Workspace/pathsgames/code/frontend/react-game/[39mnode_modules/[4mreact-dom[24m/cjs/react-dom.development.js:26473:7[90m)[39m

            </system-err>
        </testcase>
        <testcase classname="src/test/BookPageContent.test.jsx" name="BookPageContent &gt; uses the canonical totals label for ordered stat keys" time="0.012587841">
            <system-err>
BonusBadgeList: error parsing value [33m3[39m TypeError: item?.value.includes is not a function
    at [90m/mnt/Dati4/Workspace/pathsgames/code/frontend/react-game/[39msrc/components/ui/BonusBadgeList.jsx:70:27
    at Array.filter (&lt;anonymous&gt;)
    at BonusBadgeList [90m(/mnt/Dati4/Workspace/pathsgames/code/frontend/react-game/[39msrc/components/ui/BonusBadgeList.jsx:68:13[90m)[39m
    at renderWithHooks [90m(/mnt/Dati4/Workspace/pathsgames/code/frontend/react-game/[39mnode_modules/[4mreact-dom[24m/cjs/react-dom.development.js:15486:18[90m)[39m
    at mountIndeterminateComponent [90m(/mnt/Dati4/Workspace/pathsgames/code/frontend/react-game/[39mnode_modules/[4mreact-dom[24m/cjs/react-dom.development.js:20103:13[90m)[39m
    at beginWork [90m(/mnt/Dati4/Workspace/pathsgames/code/frontend/react-game/[39mnode_modules/[4mreact-dom[24m/cjs/react-dom.development.js:21626:16[90m)[39m
    at beginWork$1 [90m(/mnt/Dati4/Workspace/pathsgames/code/frontend/react-game/[39mnode_modules/[4mreact-dom[24m/cjs/react-dom.development.js:27465:14[90m)[39m
    at performUnitOfWork [90m(/mnt/Dati4/Workspace/pathsgames/code/frontend/react-game/[39mnode_modules/[4mreact-dom[24m/cjs/react-dom.development.js:26599:12[90m)[39m
    at workLoopSync [90m(/mnt/Dati4/Workspace/pathsgames/code/frontend/react-game/[39mnode_modules/[4mreact-dom[24m/cjs/react-dom.development.js:26505:5[90m)[39m
    at renderRootSync [90m(/mnt/Dati4/Workspace/pathsgames/code/frontend/react-game/[39mnode_modules/[4mreact-dom[24m/cjs/react-dom.development.js:26473:7[90m)[39m

            </system-err>
        </testcase>
        <testcase classname="src/test/BookPageContent.test.jsx" name="BookPageContent &gt; falls back to entity name/description when the card has none" time="0.006914677">
        </testcase>
        <testcase classname="src/test/BookPageContent.test.jsx" name="BookPageContent &gt; renders title and description when they are React elements, not HTML strings" time="0.0047317">
        </testcase>
    </testsuite>
    <testsuite name="src/test/BookWrapper.test.jsx" timestamp="2026-06-17T18:47:30.672Z" hostname="cirilla" tests="4" failures="0" errors="0" skipped="0" time="0.086363008">
        <testcase classname="src/test/BookWrapper.test.jsx" name="BookWrapper &gt; renders children" time="0.039371806">
        </testcase>
        <testcase classname="src/test/BookWrapper.test.jsx" name="BookWrapper &gt; shows close button when onClose is provided" time="0.015407654">
        </testcase>
        <testcase classname="src/test/BookWrapper.test.jsx" name="BookWrapper &gt; hides close button when onClose is not provided" time="0.012468908">
        </testcase>
        <testcase classname="src/test/BookWrapper.test.jsx" name="BookWrapper &gt; applies extra className to the book-wrapper div" time="0.014978824">
        </testcase>
    </testsuite>
    <testsuite name="src/test/ClockWidget.test.jsx" timestamp="2026-06-17T18:47:30.673Z" hostname="cirilla" tests="8" failures="0" errors="0" skipped="0" time="0.134108131">
        <testcase classname="src/test/ClockWidget.test.jsx" name="ClockWidget &gt; renders no clock bar without a clock" time="0.042644295">
        </testcase>
        <testcase classname="src/test/ClockWidget.test.jsx" name="ClockWidget &gt; renders the clock value and the story label when clock &gt; 1" time="0.030640666">
        </testcase>
        <testcase classname="src/test/ClockWidget.test.jsx" name="ClockWidget &gt; uses the singular label when the clock is 1" time="0.008014369">
        </testcase>
        <testcase classname="src/test/ClockWidget.test.jsx" name="ClockWidget &gt; falls back to &quot;Clock N&quot; when the story has no clock labels" time="0.005632017">
        </testcase>
        <testcase classname="src/test/ClockWidget.test.jsx" name="ClockWidget &gt; uses the story singular clock label as the badge tooltip (any clock value)" time="0.005966314">
        </testcase>
        <testcase classname="src/test/ClockWidget.test.jsx" name="ClockWidget &gt; falls back to game.clock.title for the tooltip when the story has no singular label" time="0.003424986">
        </testcase>
        <testcase classname="src/test/ClockWidget.test.jsx" name="ClockWidget &gt; shows a sleeping badge when any character is sleeping" time="0.0291269">
        </testcase>
        <testcase classname="src/test/ClockWidget.test.jsx" name="ClockWidget &gt; hides the sleeping badge when nobody is sleeping" time="0.004028471">
        </testcase>
    </testsuite>
    <testsuite name="src/test/ConfigCard.test.jsx" timestamp="2026-06-17T18:47:30.675Z" hostname="cirilla" tests="4" failures="0" errors="0" skipped="0" time="0.078731661">
        <testcase classname="src/test/ConfigCard.test.jsx" name="ConfigCard &gt; multi-option card wires action + select + preview handlers" time="0.050545993">
        </testcase>
        <testcase classname="src/test/ConfigCard.test.jsx" name="ConfigCard &gt; single-option card drops action/select and previews via onPagePreview" time="0.012600291">
        </testcase>
        <testcase classname="src/test/ConfigCard.test.jsx" name="ConfigCard &gt; locked card is disabled" time="0.00833472">
        </testcase>
        <testcase classname="src/test/ConfigCard.test.jsx" name="ConfigCard &gt; has no preview handler when onPreview is absent on a multi-option card" time="0.003132375">
        </testcase>
    </testsuite>
    <testsuite name="src/test/ConfigView.test.jsx" timestamp="2026-06-17T18:47:30.676Z" hostname="cirilla" tests="5" failures="0" errors="0" skipped="0" time="0.104184644">
        <testcase classname="src/test/ConfigView.test.jsx" name="ConfigView &gt; advances to the start-game confirmation when &quot;Start Game&quot; is clicked" time="0.066826123">
        </testcase>
        <testcase classname="src/test/ConfigView.test.jsx" name="ConfigView &gt; wires selectable cards to onChangeClick and the page preview" time="0.012343519">
        </testcase>
        <testcase classname="src/test/ConfigView.test.jsx" name="ConfigView &gt; wires the information (bonuses) cards to onPreview" time="0.005760735">
        </testcase>
        <testcase classname="src/test/ConfigView.test.jsx" name="ConfigView &gt; wires the character and trait cards to onChangeClick" time="0.006969271">
        </testcase>
        <testcase classname="src/test/ConfigView.test.jsx" name="ConfigView &gt; renders without crashing when story content lists are missing" time="0.007300087">
        </testcase>
    </testsuite>
    <testsuite name="src/test/EndGameBook.test.jsx" timestamp="2026-06-17T18:47:30.677Z" hostname="cirilla" tests="6" failures="0" errors="0" skipped="0" time="0.108931836">
        <testcase classname="src/test/EndGameBook.test.jsx" name="EndGameBook &gt; renders the Book wrapper" time="0.043005261">
            <system-err>
⚠️ React Router Future Flag Warning: React Router will begin wrapping state updates in `React.startTransition` in v7. You can use the `v7_startTransition` future flag to opt-in early. For more information, see https://reactrouter.com/v6/upgrading/future#v7_starttransition.
⚠️ React Router Future Flag Warning: Relative route resolution within Splat routes is changing in v7. You can use the `v7_relativeSplatPath` future flag to opt-in early. For more information, see https://reactrouter.com/v6/upgrading/future#v7_relativesplatpath.

            </system-err>
        </testcase>
        <testcase classname="src/test/EndGameBook.test.jsx" name="EndGameBook &gt; renders both left (story) and right (end-game) book pages" time="0.004964707">
        </testcase>
        <testcase classname="src/test/EndGameBook.test.jsx" name="EndGameBook &gt; renders the close button in mobile layout" time="0.016456986">
        </testcase>
        <testcase classname="src/test/EndGameBook.test.jsx" name="EndGameBook &gt; shows story image in mobile layout when provided" time="0.014584802">
        </testcase>
        <testcase classname="src/test/EndGameBook.test.jsx" name="EndGameBook &gt; navigates to home when close button is clicked" time="0.018696062">
        </testcase>
        <testcase classname="src/test/EndGameBook.test.jsx" name="EndGameBook &gt; renders without endGameCard gracefully" time="0.00641818">
        </testcase>
    </testsuite>
    <testsuite name="src/test/EndGameBookBranches.test.jsx" timestamp="2026-06-17T18:47:30.679Z" hostname="cirilla" tests="2" failures="0" errors="0" skipped="0" time="0.092100542">
        <testcase classname="src/test/EndGameBookBranches.test.jsx" name="EndGameBook (full cards + mobile stack) &gt; renders story + end-game images/titles and navigates home on close" time="0.072233073">
            <system-err>
⚠️ React Router Future Flag Warning: React Router will begin wrapping state updates in `React.startTransition` in v7. You can use the `v7_startTransition` future flag to opt-in early. For more information, see https://reactrouter.com/v6/upgrading/future#v7_starttransition.
⚠️ React Router Future Flag Warning: Relative route resolution within Splat routes is changing in v7. You can use the `v7_relativeSplatPath` future flag to opt-in early. For more information, see https://reactrouter.com/v6/upgrading/future#v7_relativesplatpath.

            </system-err>
        </testcase>
        <testcase classname="src/test/EndGameBookBranches.test.jsx" name="EndGameBook (full cards + mobile stack) &gt; falls back to card title/name when story/endGame fields are missing" time="0.009386908">
        </testcase>
    </testsuite>
    <testsuite name="src/test/Footer.test.jsx" timestamp="2026-06-17T18:47:30.679Z" hostname="cirilla" tests="4" failures="0" errors="0" skipped="0" time="0.531582781">
        <testcase classname="src/test/Footer.test.jsx" name="Footer &gt; renders Paths Games brand" time="0.151913708">
        </testcase>
        <testcase classname="src/test/Footer.test.jsx" name="Footer &gt; renders GitHub link" time="0.252317733">
        </testcase>
        <testcase classname="src/test/Footer.test.jsx" name="Footer &gt; renders Instagram link" time="0.066980365">
        </testcase>
        <testcase classname="src/test/Footer.test.jsx" name="Footer &gt; renders YouTube link" time="0.055926514">
        </testcase>
    </testsuite>
    <testsuite name="src/test/FooterStatus.test.jsx" timestamp="2026-06-17T18:47:30.680Z" hostname="cirilla" tests="4" failures="0" errors="0" skipped="0" time="0.418728478">
        <testcase classname="src/test/FooterStatus.test.jsx" name="Footer — real-server status &gt; shows the version when the server responds online" time="0.129403396">
        </testcase>
        <testcase classname="src/test/FooterStatus.test.jsx" name="Footer — real-server status &gt; handles an online server that returns no version" time="0.019010144">
        </testcase>
        <testcase classname="src/test/FooterStatus.test.jsx" name="Footer — real-server status &gt; marks the server offline when the status call fails" time="0.219495009">
        </testcase>
        <testcase classname="src/test/FooterStatus.test.jsx" name="Footer — real-server status &gt; invokes changeServer when a different server is selected" time="0.04687761">
            <system-err>
Warning: An update to Footer inside a test was not wrapped in act(...).

When testing, code that causes React state updates should be wrapped into act(...):

act(() =&gt; {
  /* fire events that update state */
});
/* assert on the output */

This ensures that you&apos;re testing the behavior the user would see in the browser. Learn more at https://reactjs.org/link/wrap-tests-with-act
    at Footer (/mnt/Dati4/Workspace/pathsgames/code/frontend/react-game/src/components/layout/Footer.jsx:15:65)
Warning: An update to Footer inside a test was not wrapped in act(...).

When testing, code that causes React state updates should be wrapped into act(...):

act(() =&gt; {
  /* fire events that update state */
});
/* assert on the output */

This ensures that you&apos;re testing the behavior the user would see in the browser. Learn more at https://reactjs.org/link/wrap-tests-with-act
    at Footer (/mnt/Dati4/Workspace/pathsgames/code/frontend/react-game/src/components/layout/Footer.jsx:15:65)

            </system-err>
        </testcase>
    </testsuite>
    <testsuite name="src/test/GameBook.test.jsx" timestamp="2026-06-17T18:47:30.681Z" hostname="cirilla" tests="5" failures="2" errors="0" skipped="0" time="0.200007614">
        <testcase classname="src/test/GameBook.test.jsx" name="GameBook &gt; renders the Book component" time="0.097201683">
            <system-out>
playerStats { life: [33m10[39m }

            </system-out>
        </testcase>
        <testcase classname="src/test/GameBook.test.jsx" name="GameBook &gt; renders PlayerStats and action ConfigCards" time="0.011566058">
            <system-out>
playerStats { life: [33m10[39m }

            </system-out>
        </testcase>
        <testcase classname="src/test/GameBook.test.jsx" name="GameBook &gt; renders EndGameBook after the end-game button triggers endMatch" time="0.058286119">
            <system-out>
playerStats { life: [33m10[39m }
playerStats { life: [33m10[39m }

playerStats { life: [33m10[39m }

            </system-out>
            <system-err>
Warning: An update to GameBook inside a test was not wrapped in act(...).

When testing, code that causes React state updates should be wrapped into act(...):

act(() =&gt; {
  /* fire events that update state */
});
/* assert on the output */

This ensures that you&apos;re testing the behavior the user would see in the browser. Learn more at https://reactjs.org/link/wrap-tests-with-act
    at GameBook (/mnt/Dati4/Workspace/pathsgames/code/frontend/react-game/src/features/gameplay/GameBook.jsx:42:21)

            </system-err>
            <failure message="Unable to find an element with the text: game.endGame. This could be because the text is broken up by multiple elements. In this case, you can provide a function for your text matcher to make your matcher more flexible.

Ignored nodes: comments, script, style
[36m&lt;body&gt;[39m
  [36m&lt;div&gt;[39m
    [36m&lt;div[39m
      [33mdata-testid[39m=[32m&quot;book&quot;[39m
    [36m&gt;[39m
      [36m&lt;div[39m
        [33mdata-testid[39m=[32m&quot;book-page-content&quot;[39m
      [36m&gt;[39m
        [0mFlee[0m
      [36m&lt;/div&gt;[39m
      [36m&lt;div[39m
        [33mclass[39m=[32m&quot;config-view-wrap config-view--config&quot;[39m
      [36m&gt;[39m
        [36m&lt;div[39m
          [33mclass[39m=[32m&quot;config-cards-area selection-list&quot;[39m
        [36m&gt;[39m
          [36m&lt;div[39m
            [33mdata-testid[39m=[32m&quot;config-card&quot;[39m
          [36m&gt;[39m
            [36m&lt;div[39m
              [33mdata-testid[39m=[32m&quot;player-stats&quot;[39m
            [36m/&gt;[39m
            [36m&lt;button&gt;[39m
              [0mpreview:[0m
              [36m&lt;div[39m
                [33mdata-testid[39m=[32m&quot;clock-widget&quot;[39m
              [36m/&gt;[39m
            [36m&lt;/button&gt;[39m
          [36m&lt;/div&gt;[39m
          [36m&lt;div[39m
            [33mdata-testid[39m=[32m&quot;config-card&quot;[39m
          [36m&gt;[39m
            [36m&lt;button&gt;[39m
              [0mpreview:[0m
              [0mFlee[0m
            [36m&lt;/button&gt;[39m
          [36m&lt;/div&gt;[39m
          [36m&lt;div[39m
            [33mclass[39m=[32m&quot;sleep-action-row&quot;[39m
          [36m/&gt;[39m
        [36m&lt;/div&gt;[39m
      [36m&lt;/div&gt;[39m
    [36m&lt;/div&gt;[39m
  [36m&lt;/div&gt;[39m
[36m&lt;/body&gt;[39m" type="TestingLibraryElementError">
TestingLibraryElementError: Unable to find an element with the text: game.endGame. This could be because the text is broken up by multiple elements. In this case, you can provide a function for your text matcher to make your matcher more flexible.

Ignored nodes: comments, script, style
&lt;body&gt;
  &lt;div&gt;
    &lt;div
      data-testid=&quot;book&quot;
    &gt;
      &lt;div
        data-testid=&quot;book-page-content&quot;
      &gt;
        Flee
      &lt;/div&gt;
      &lt;div
        class=&quot;config-view-wrap config-view--config&quot;
      &gt;
        &lt;div
          class=&quot;config-cards-area selection-list&quot;
        &gt;
          &lt;div
            data-testid=&quot;config-card&quot;
          &gt;
            &lt;div
              data-testid=&quot;player-stats&quot;
            /&gt;
            &lt;button&gt;
              preview:
              &lt;div
                data-testid=&quot;clock-widget&quot;
              /&gt;
            &lt;/button&gt;
          &lt;/div&gt;
          &lt;div
            data-testid=&quot;config-card&quot;
          &gt;
            &lt;button&gt;
              preview:
              Flee
            &lt;/button&gt;
          &lt;/div&gt;
          &lt;div
            class=&quot;sleep-action-row&quot;
          /&gt;
        &lt;/div&gt;
      &lt;/div&gt;
    &lt;/div&gt;
  &lt;/div&gt;
&lt;/body&gt;
 ❯ Object.getElementError node_modules/@testing-library/dom/dist/config.js:37:19
 ❯ node_modules/@testing-library/dom/dist/query-helpers.js:76:38
 ❯ node_modules/@testing-library/dom/dist/query-helpers.js:52:17
 ❯ node_modules/@testing-library/dom/dist/query-helpers.js:95:19
 ❯ src/test/GameBook.test.jsx:87:28
            </failure>
        </testcase>
        <testcase classname="src/test/GameBook.test.jsx" name="GameBook &gt; shows end-game error when endMatch fails" time="0.013822788">
            <system-out>
playerStats { life: [33m10[39m }
playerStats { life: [33m10[39m }

playerStats { life: [33m10[39m }

            </system-out>
            <system-err>
Warning: An update to GameBook inside a test was not wrapped in act(...).

When testing, code that causes React state updates should be wrapped into act(...):

act(() =&gt; {
  /* fire events that update state */
});
/* assert on the output */

This ensures that you&apos;re testing the behavior the user would see in the browser. Learn more at https://reactjs.org/link/wrap-tests-with-act
    at GameBook (/mnt/Dati4/Workspace/pathsgames/code/frontend/react-game/src/features/gameplay/GameBook.jsx:42:21)

            </system-err>
            <failure message="Unable to find an element with the text: game.endGame. This could be because the text is broken up by multiple elements. In this case, you can provide a function for your text matcher to make your matcher more flexible.

Ignored nodes: comments, script, style
[36m&lt;body&gt;[39m
  [36m&lt;div&gt;[39m
    [36m&lt;div[39m
      [33mdata-testid[39m=[32m&quot;book&quot;[39m
    [36m&gt;[39m
      [36m&lt;div[39m
        [33mdata-testid[39m=[32m&quot;book-page-content&quot;[39m
      [36m&gt;[39m
        [0mFlee[0m
      [36m&lt;/div&gt;[39m
      [36m&lt;div[39m
        [33mclass[39m=[32m&quot;config-view-wrap config-view--config&quot;[39m
      [36m&gt;[39m
        [36m&lt;div[39m
          [33mclass[39m=[32m&quot;config-cards-area selection-list&quot;[39m
        [36m&gt;[39m
          [36m&lt;div[39m
            [33mdata-testid[39m=[32m&quot;config-card&quot;[39m
          [36m&gt;[39m
            [36m&lt;div[39m
              [33mdata-testid[39m=[32m&quot;player-stats&quot;[39m
            [36m/&gt;[39m
            [36m&lt;button&gt;[39m
              [0mpreview:[0m
              [36m&lt;div[39m
                [33mdata-testid[39m=[32m&quot;clock-widget&quot;[39m
              [36m/&gt;[39m
            [36m&lt;/button&gt;[39m
          [36m&lt;/div&gt;[39m
          [36m&lt;div[39m
            [33mdata-testid[39m=[32m&quot;config-card&quot;[39m
          [36m&gt;[39m
            [36m&lt;button&gt;[39m
              [0mpreview:[0m
              [0mFlee[0m
            [36m&lt;/button&gt;[39m
          [36m&lt;/div&gt;[39m
          [36m&lt;div[39m
            [33mclass[39m=[32m&quot;sleep-action-row&quot;[39m
          [36m/&gt;[39m
        [36m&lt;/div&gt;[39m
      [36m&lt;/div&gt;[39m
    [36m&lt;/div&gt;[39m
  [36m&lt;/div&gt;[39m
[36m&lt;/body&gt;[39m" type="TestingLibraryElementError">
TestingLibraryElementError: Unable to find an element with the text: game.endGame. This could be because the text is broken up by multiple elements. In this case, you can provide a function for your text matcher to make your matcher more flexible.

Ignored nodes: comments, script, style
&lt;body&gt;
  &lt;div&gt;
    &lt;div
      data-testid=&quot;book&quot;
    &gt;
      &lt;div
        data-testid=&quot;book-page-content&quot;
      &gt;
        Flee
      &lt;/div&gt;
      &lt;div
        class=&quot;config-view-wrap config-view--config&quot;
      &gt;
        &lt;div
          class=&quot;config-cards-area selection-list&quot;
        &gt;
          &lt;div
            data-testid=&quot;config-card&quot;
          &gt;
            &lt;div
              data-testid=&quot;player-stats&quot;
            /&gt;
            &lt;button&gt;
              preview:
              &lt;div
                data-testid=&quot;clock-widget&quot;
              /&gt;
            &lt;/button&gt;
          &lt;/div&gt;
          &lt;div
            data-testid=&quot;config-card&quot;
          &gt;
            &lt;button&gt;
              preview:
              Flee
            &lt;/button&gt;
          &lt;/div&gt;
          &lt;div
            class=&quot;sleep-action-row&quot;
          /&gt;
        &lt;/div&gt;
      &lt;/div&gt;
    &lt;/div&gt;
  &lt;/div&gt;
&lt;/body&gt;
 ❯ Object.getElementError node_modules/@testing-library/dom/dist/config.js:37:19
 ❯ node_modules/@testing-library/dom/dist/query-helpers.js:76:38
 ❯ node_modules/@testing-library/dom/dist/query-helpers.js:52:17
 ❯ node_modules/@testing-library/dom/dist/query-helpers.js:95:19
 ❯ src/test/GameBook.test.jsx:95:28
            </failure>
        </testcase>
        <testcase classname="src/test/GameBook.test.jsx" name="GameBook &gt; renders gracefully when gameData is null" time="0.009789282">
            <system-out>
playerStats [90mundefined[39m

            </system-out>
        </testcase>
    </testsuite>
    <testsuite name="src/test/GameBookMobile.test.jsx" timestamp="2026-06-17T18:47:30.686Z" hostname="cirilla" tests="4" failures="0" errors="0" skipped="0" time="0.120951469">
        <testcase classname="src/test/GameBookMobile.test.jsx" name="GameBookMobile &gt; renders the story-card branch when there are no locations" time="0.081005229">
        </testcase>
        <testcase classname="src/test/GameBookMobile.test.jsx" name="GameBookMobile &gt; renders the current-location card and neighbours when locations exist" time="0.017260904">
        </testcase>
        <testcase classname="src/test/GameBookMobile.test.jsx" name="GameBookMobile &gt; shows the end error when provided" time="0.008091433">
        </testcase>
        <testcase classname="src/test/GameBookMobile.test.jsx" name="GameBookMobile &gt; handles missing gameData without crashing" time="0.008672699">
        </testcase>
    </testsuite>
    <testsuite name="src/test/GameCard.test.jsx" timestamp="2026-06-17T18:47:30.687Z" hostname="cirilla" tests="9" failures="0" errors="0" skipped="0" time="0.137770088">
        <testcase classname="src/test/GameCard.test.jsx" name="GameCard &gt; renders the card title, falling back to the placeholder icon without an image" time="0.062280124">
        </testcase>
        <testcase classname="src/test/GameCard.test.jsx" name="GameCard &gt; renders the image when a urlImage is provided" time="0.007905881">
        </testcase>
        <testcase classname="src/test/GameCard.test.jsx" name="GameCard &gt; flagInformationCard wires the info button to onPreview" time="0.020362765">
            <system-out>
GameCard onPreviewClick [Function: Mock] {
  _isMockFunction: [33mtrue[39m,
  getMockImplementation: [36m[Function (anonymous)][39m,
  mock: {
    calls: [],
    contexts: [],
    instances: [],
    invocationCallOrder: [],
    settledResults: [],
    results: [],
    lastCall: [36m[Getter][39m
  },
  mockImplementation: [36m[Function: mockImplementation][39m,
  mockImplementationOnce: [36m[Function: mockImplementationOnce][39m,
  withImplementation: [36m[Function: withImplementation][39m,
  mockReturnThis: [36m[Function: mockReturnThis][39m,
  mockReturnValue: [36m[Function: mockReturnValue][39m,
  mockReturnValueOnce: [36m[Function: mockReturnValueOnce][39m,
  mockThrow: [36m[Function: mockThrow][39m,
  mockThrowOnce: [36m[Function: mockThrowOnce][39m,
  mockResolvedValue: [36m[Function: mockResolvedValue][39m,
  mockResolvedValueOnce: [36m[Function: mockResolvedValueOnce][39m,
  mockRejectedValue: [36m[Function: mockRejectedValue][39m,
  mockRejectedValueOnce: [36m[Function: mockRejectedValueOnce][39m,
  mockClear: [36m[Function: mockClear][39m,
  mockReset: [36m[Function: mockReset][39m,
  mockRestore: [36m[Function: mockRestore][39m,
  mockName: [36m[Function: mockName][39m,
  getMockName: [36m[Function: getMockName][39m,
  [[32mSymbol(nodejs.dispose)[39m]: [36m[Function (anonymous)][39m
} previewOpened [33mfalse[39m

            </system-out>
        </testcase>
        <testcase classname="src/test/GameCard.test.jsx" name="GameCard &gt; renders an info-only button when only onPreview is given" time="0.008441276">
            <system-out>
GameCard onPreviewClick [Function: Mock] {
  _isMockFunction: [33mtrue[39m,
  getMockImplementation: [36m[Function (anonymous)][39m,
  mock: {
    calls: [],
    contexts: [],
    instances: [],
    invocationCallOrder: [],
    settledResults: [],
    results: [],
    lastCall: [36m[Getter][39m
  },
  mockImplementation: [36m[Function: mockImplementation][39m,
  mockImplementationOnce: [36m[Function: mockImplementationOnce][39m,
  withImplementation: [36m[Function: withImplementation][39m,
  mockReturnThis: [36m[Function: mockReturnThis][39m,
  mockReturnValue: [36m[Function: mockReturnValue][39m,
  mockReturnValueOnce: [36m[Function: mockReturnValueOnce][39m,
  mockThrow: [36m[Function: mockThrow][39m,
  mockThrowOnce: [36m[Function: mockThrowOnce][39m,
  mockResolvedValue: [36m[Function: mockResolvedValue][39m,
  mockResolvedValueOnce: [36m[Function: mockResolvedValueOnce][39m,
  mockRejectedValue: [36m[Function: mockRejectedValue][39m,
  mockRejectedValueOnce: [36m[Function: mockRejectedValueOnce][39m,
  mockClear: [36m[Function: mockClear][39m,
  mockReset: [36m[Function: mockReset][39m,
  mockRestore: [36m[Function: mockRestore][39m,
  mockName: [36m[Function: mockName][39m,
  getMockName: [36m[Function: getMockName][39m,
  [[32mSymbol(nodejs.dispose)[39m]: [36m[Function (anonymous)][39m
} previewOpened [33mfalse[39m

            </system-out>
        </testcase>
        <testcase classname="src/test/GameCard.test.jsx" name="GameCard &gt; renders a select button and fires onSelect" time="0.008384247">
        </testcase>
        <testcase classname="src/test/GameCard.test.jsx" name="GameCard &gt; renders an action button and fires onAction" time="0.007764531">
        </testcase>
        <testcase classname="src/test/GameCard.test.jsx" name="GameCard &gt; shows the locked coming-soon label with its reason" time="0.004046979">
        </testcase>
        <testcase classname="src/test/GameCard.test.jsx" name="GameCard &gt; renders the copyright view link when enabled and not disabled" time="0.006691855">
        </testcase>
        <testcase classname="src/test/GameCard.test.jsx" name="GameCard &gt; renders the children overlay over the image" time="0.007903181">
        </testcase>
    </testsuite>
    <testsuite name="src/test/GameCardCreditsBar.test.jsx" timestamp="2026-06-17T18:47:30.689Z" hostname="cirilla" tests="7" failures="0" errors="0" skipped="0" time="0.301819841">
        <testcase classname="src/test/GameCardCreditsBar.test.jsx" name="GameCardCreditsBar &gt; returns null when neither author nor image credit is provided" time="0.02573477">
        </testcase>
        <testcase classname="src/test/GameCardCreditsBar.test.jsx" name="GameCardCreditsBar &gt; returns null when card and story are undefined" time="0.007296914">
        </testcase>
        <testcase classname="src/test/GameCardCreditsBar.test.jsx" name="GameCardCreditsBar &gt; renders story author as plain text when no storyUrl" time="0.054601974">
        </testcase>
        <testcase classname="src/test/GameCardCreditsBar.test.jsx" name="GameCardCreditsBar &gt; renders story author as link when storyUrl is provided" time="0.172273378">
        </testcase>
        <testcase classname="src/test/GameCardCreditsBar.test.jsx" name="GameCardCreditsBar &gt; renders image copyright as plain text when no imgUrl" time="0.005270799">
        </testcase>
        <testcase classname="src/test/GameCardCreditsBar.test.jsx" name="GameCardCreditsBar &gt; renders image copyright as link when imgUrl is provided" time="0.020417847">
        </testcase>
        <testcase classname="src/test/GameCardCreditsBar.test.jsx" name="GameCardCreditsBar &gt; renders both story author and image credit together" time="0.010895621">
        </testcase>
    </testsuite>
    <testsuite name="src/test/GamePage.test.jsx" timestamp="2026-06-17T18:47:30.690Z" hostname="cirilla" tests="4" failures="0" errors="0" skipped="0" time="0.146763568">
        <testcase classname="src/test/GamePage.test.jsx" name="GamePage &gt; shows loading spinner while data loads" time="0.058139904">
            <system-err>
⚠️ React Router Future Flag Warning: React Router will begin wrapping state updates in `React.startTransition` in v7. You can use the `v7_startTransition` future flag to opt-in early. For more information, see https://reactrouter.com/v6/upgrading/future#v7_starttransition.
⚠️ React Router Future Flag Warning: Relative route resolution within Splat routes is changing in v7. You can use the `v7_relativeSplatPath` future flag to opt-in early. For more information, see https://reactrouter.com/v6/upgrading/future#v7_relativesplatpath.

            </system-err>
        </testcase>
        <testcase classname="src/test/GamePage.test.jsx" name="GamePage &gt; renders GameBook after data loads" time="0.054991906">
        </testcase>
        <testcase classname="src/test/GamePage.test.jsx" name="GamePage &gt; passes null matchUuid when state is absent" time="0.009556317">
        </testcase>
        <testcase classname="src/test/GamePage.test.jsx" name="GamePage &gt; redirects to home when close is clicked (location.href)" time="0.01512172">
        </testcase>
    </testsuite>
    <testsuite name="src/test/GuestUserContext.test.jsx" timestamp="2026-06-17T18:47:30.691Z" hostname="cirilla" tests="10" failures="0" errors="0" skipped="0" time="0.188318219">
        <testcase classname="src/test/GuestUserContext.test.jsx" name="GuestUserContext &gt; synthesizes a mock guest when server is mock without calling the API" time="0.055760813">
        </testcase>
        <testcase classname="src/test/GuestUserContext.test.jsx" name="GuestUserContext &gt; uses resumeGuestSession when the backend still has a session" time="0.014315236">
        </testcase>
        <testcase classname="src/test/GuestUserContext.test.jsx" name="GuestUserContext &gt; falls back to createGuestSession when resume fails" time="0.01186257">
        </testcase>
        <testcase classname="src/test/GuestUserContext.test.jsx" name="GuestUserContext &gt; sets an error when both resume and create fail on mount" time="0.012611484">
        </testcase>
        <testcase classname="src/test/GuestUserContext.test.jsx" name="GuestUserContext &gt; refreshGuest mints a fresh mock guest on the mock server" time="0.027556703">
        </testcase>
        <testcase classname="src/test/GuestUserContext.test.jsx" name="GuestUserContext &gt; refreshGuest creates a guest via the API on a real server" time="0.015726837">
        </testcase>
        <testcase classname="src/test/GuestUserContext.test.jsx" name="GuestUserContext &gt; refreshGuest records an error when create fails on a real server" time="0.012682251">
        </testcase>
        <testcase classname="src/test/GuestUserContext.test.jsx" name="GuestUserContext &gt; clearGuest resets the user to none" time="0.011574713">
        </testcase>
        <testcase classname="src/test/GuestUserContext.test.jsx" name="GuestUserContext &gt; openGuestModal stores preloaded matches; closeGuestModal clears them" time="0.013487098">
        </testcase>
        <testcase classname="src/test/GuestUserContext.test.jsx" name="GuestUserContext &gt; openGuestModal with no argument leaves matches null" time="0.008358605">
        </testcase>
    </testsuite>
    <testsuite name="src/test/GuestUserModal.test.jsx" timestamp="2026-06-17T18:47:30.693Z" hostname="cirilla" tests="4" failures="0" errors="0" skipped="0" time="0.16203138">
        <testcase classname="src/test/GuestUserModal.test.jsx" name="GuestUserModal — antibot after matches list &gt; shows the matches list only after Turnstile passes" time="0.117090109">
        </testcase>
        <testcase classname="src/test/GuestUserModal.test.jsx" name="GuestUserModal — antibot after matches list &gt; records a pass cookie after a human check" time="0.01621498">
        </testcase>
        <testcase classname="src/test/GuestUserModal.test.jsx" name="GuestUserModal — antibot after matches list &gt; skips the widget and shows the matches list directly when a recent pass cookie exists" time="0.004780561">
        </testcase>
        <testcase classname="src/test/GuestUserModal.test.jsx" name="GuestUserModal — antibot after matches list &gt; offers a retry (instead of blocking) and hides the matches list on widget error" time="0.020009042">
        </testcase>
    </testsuite>
    <testsuite name="src/test/GuestUserModalFull.test.jsx" timestamp="2026-06-17T18:47:30.694Z" hostname="cirilla" tests="4" failures="0" errors="0" skipped="0" time="0.10748239">
        <testcase classname="src/test/GuestUserModalFull.test.jsx" name="GuestUserModal (antibot + preview) &gt; starts in checking, shows error + retry on Turnstile failure" time="0.074637336">
        </testcase>
        <testcase classname="src/test/GuestUserModalFull.test.jsx" name="GuestUserModal (antibot + preview) &gt; passes Turnstile then shows matches; previewing swaps + closes the left page" time="0.015861041">
        </testcase>
        <testcase classname="src/test/GuestUserModalFull.test.jsx" name="GuestUserModal (antibot + preview) &gt; expire triggers a fresh antibot check" time="0.007627003">
        </testcase>
        <testcase classname="src/test/GuestUserModalFull.test.jsx" name="GuestUserModal (antibot + preview) &gt; renders nothing when the modal is closed" time="0.00226927">
        </testcase>
    </testsuite>
    <testsuite name="src/test/HomePage.test.jsx" timestamp="2026-06-17T18:47:30.694Z" hostname="cirilla" tests="8" failures="0" errors="0" skipped="0" time="0.324011257">
        <testcase classname="src/test/HomePage.test.jsx" name="HomePage — story click with active match check &gt; opens StartBookModal when no active match for that story" time="0.146901376">
            <system-err>
⚠️ React Router Future Flag Warning: React Router will begin wrapping state updates in `React.startTransition` in v7. You can use the `v7_startTransition` future flag to opt-in early. For more information, see https://reactrouter.com/v6/upgrading/future#v7_starttransition.
⚠️ React Router Future Flag Warning: Relative route resolution within Splat routes is changing in v7. You can use the `v7_relativeSplatPath` future flag to opt-in early. For more information, see https://reactrouter.com/v6/upgrading/future#v7_relativesplatpath.

            </system-err>
        </testcase>
        <testcase classname="src/test/HomePage.test.jsx" name="HomePage — story click with active match check &gt; opens GuestUserModal when RUNNING match exists for that story (handing over the fetched matches)" time="0.046132764">
        </testcase>
        <testcase classname="src/test/HomePage.test.jsx" name="HomePage — story click with active match check &gt; opens GuestUserModal when CREATED match exists for that story" time="0.038795626">
        </testcase>
        <testcase classname="src/test/HomePage.test.jsx" name="HomePage — story click with active match check &gt; does not redirect when active match is for a different story" time="0.027519456">
        </testcase>
        <testcase classname="src/test/HomePage.test.jsx" name="HomePage — story click with active match check &gt; falls back to StartBookModal when listMatches throws" time="0.030574617">
        </testcase>
        <testcase classname="src/test/HomePage.test.jsx" name="HomePage — story click with active match check &gt; offers a retry (instead of blocking) and never calls getStories on widget error" time="0.008001192">
        </testcase>
        <testcase classname="src/test/HomePage.test.jsx" name="HomePage — story click with active match check &gt; records a pass cookie after a human check" time="0.011819199">
        </testcase>
        <testcase classname="src/test/HomePage.test.jsx" name="HomePage — story click with active match check &gt; skips the widget and loads stories directly when a recent pass cookie exists" time="0.009874879">
        </testcase>
    </testsuite>
    <testsuite name="src/test/LocationCard.test.jsx" timestamp="2026-06-17T18:47:30.696Z" hostname="cirilla" tests="5" failures="0" errors="0" skipped="0" time="0.126992453">
        <testcase classname="src/test/LocationCard.test.jsx" name="LocationCard &gt; returns null when no location is provided" time="0.034103524">
        </testcase>
        <testcase classname="src/test/LocationCard.test.jsx" name="LocationCard &gt; renders the location card content" time="0.06396541">
        </testcase>
        <testcase classname="src/test/LocationCard.test.jsx" name="LocationCard &gt; shows description when present" time="0.011203749">
        </testcase>
        <testcase classname="src/test/LocationCard.test.jsx" name="LocationCard &gt; hides description paragraph when absent" time="0.009349471">
        </testcase>
        <testcase classname="src/test/LocationCard.test.jsx" name="LocationCard &gt; falls back to default icon when awesomeIcon is missing" time="0.004540549">
        </testcase>
    </testsuite>
    <testsuite name="src/test/MatchCard.test.jsx" timestamp="2026-06-17T18:47:30.697Z" hostname="cirilla" tests="9" failures="0" errors="0" skipped="0" time="0.137833282">
        <testcase classname="src/test/MatchCard.test.jsx" name="MatchCard &gt; shows story title" time="0.068622546">
            <system-err>
⚠️ React Router Future Flag Warning: React Router will begin wrapping state updates in `React.startTransition` in v7. You can use the `v7_startTransition` future flag to opt-in early. For more information, see https://reactrouter.com/v6/upgrading/future#v7_starttransition.
⚠️ React Router Future Flag Warning: Relative route resolution within Splat routes is changing in v7. You can use the `v7_relativeSplatPath` future flag to opt-in early. For more information, see https://reactrouter.com/v6/upgrading/future#v7_relativesplatpath.

            </system-err>
        </testcase>
        <testcase classname="src/test/MatchCard.test.jsx" name="MatchCard &gt; shows resume button for RUNNING status" time="0.007639645">
        </testcase>
        <testcase classname="src/test/MatchCard.test.jsx" name="MatchCard &gt; shows resume button for CREATED status" time="0.006432856">
        </testcase>
        <testcase classname="src/test/MatchCard.test.jsx" name="MatchCard &gt; calls onResume when resume button clicked" time="0.010940606">
        </testcase>
        <testcase classname="src/test/MatchCard.test.jsx" name="MatchCard &gt; shows status overlay for PAUSED and no resume button" time="0.007131892">
        </testcase>
        <testcase classname="src/test/MatchCard.test.jsx" name="MatchCard &gt; shows status overlay for ENDED" time="0.005137161">
        </testcase>
        <testcase classname="src/test/MatchCard.test.jsx" name="MatchCard &gt; shows status overlay for GAMEOVER" time="0.006485441">
        </testcase>
        <testcase classname="src/test/MatchCard.test.jsx" name="MatchCard &gt; uses fallback name when story is null" time="0.004650513">
        </testcase>
        <testcase classname="src/test/MatchCard.test.jsx" name="MatchCard &gt; calls onPreviewCard with the match info when the (i) button is clicked" time="0.016776284">
            <system-out>
GameCard onPreviewClick [36m[Function: handlePreview][39m previewOpened [33mfalse[39m

            </system-out>
        </testcase>
    </testsuite>
    <testsuite name="src/test/Navbar.test.jsx" timestamp="2026-06-17T18:47:30.699Z" hostname="cirilla" tests="6" failures="0" errors="0" skipped="0" time="0.110652905">
        <testcase classname="src/test/Navbar.test.jsx" name="Navbar &gt; renders brand link" time="0.058412488">
            <system-err>
⚠️ React Router Future Flag Warning: React Router will begin wrapping state updates in `React.startTransition` in v7. You can use the `v7_startTransition` future flag to opt-in early. For more information, see https://reactrouter.com/v6/upgrading/future#v7_starttransition.
⚠️ React Router Future Flag Warning: Relative route resolution within Splat routes is changing in v7. You can use the `v7_relativeSplatPath` future flag to opt-in early. For more information, see https://reactrouter.com/v6/upgrading/future#v7_relativesplatpath.

            </system-err>
        </testcase>
        <testcase classname="src/test/Navbar.test.jsx" name="Navbar &gt; renders user button with guest username as title" time="0.009242703">
        </testcase>
        <testcase classname="src/test/Navbar.test.jsx" name="Navbar &gt; user button shows nav.guest label" time="0.00467737">
        </testcase>
        <testcase classname="src/test/Navbar.test.jsx" name="Navbar &gt; guest button calls openGuestModal on click" time="0.022093165">
        </testcase>
        <testcase classname="src/test/Navbar.test.jsx" name="Navbar &gt; does not show exit button on home page" time="0.008532749">
        </testcase>
        <testcase classname="src/test/Navbar.test.jsx" name="Navbar &gt; shows exit button on play page" time="0.004331353">
        </testcase>
    </testsuite>
    <testsuite name="src/test/PlayerStats.test.jsx" timestamp="2026-06-17T18:47:30.700Z" hostname="cirilla" tests="7" failures="0" errors="0" skipped="0" time="0.121163287">
        <testcase classname="src/test/PlayerStats.test.jsx" name="PlayerStats &gt; renders all stat keys" time="0.058986163">
        </testcase>
        <testcase classname="src/test/PlayerStats.test.jsx" name="PlayerStats &gt; passes showZeros=true to BonusBadgeList" time="0.006276745">
        </testcase>
        <testcase classname="src/test/PlayerStats.test.jsx" name="PlayerStats &gt; defaults to 0 for missing stat keys" time="0.007149379">
        </testcase>
        <testcase classname="src/test/PlayerStats.test.jsx" name="PlayerStats &gt; forwards stat values correctly" time="0.006645669">
        </testcase>
        <testcase classname="src/test/PlayerStats.test.jsx" name="PlayerStats &gt; renders safely when stats is undefined" time="0.005809209">
        </testcase>
        <testcase classname="src/test/PlayerStats.test.jsx" name="PlayerStats &gt; renders current/max gauges when max values are present (Step 27)" time="0.006436181">
        </testcase>
        <testcase classname="src/test/PlayerStats.test.jsx" name="PlayerStats &gt; renders the carried items list (Step 27)" time="0.025503491">
        </testcase>
    </testsuite>
    <testsuite name="src/test/PolicyModals.test.jsx" timestamp="2026-06-17T18:47:30.701Z" hostname="cirilla" tests="7" failures="0" errors="0" skipped="0" time="0.167339368">
        <testcase classname="src/test/PolicyModals.test.jsx" name="policy &amp; info modals &gt; CookiesModal renders its dialog and all six sections" time="0.05613651">
        </testcase>
        <testcase classname="src/test/PolicyModals.test.jsx" name="policy &amp; info modals &gt; PrivacyModal renders its dialog and eleven sections" time="0.013104395">
        </testcase>
        <testcase classname="src/test/PolicyModals.test.jsx" name="policy &amp; info modals &gt; TermsModal renders its dialog and twelve sections" time="0.020619951">
        </testcase>
        <testcase classname="src/test/PolicyModals.test.jsx" name="policy &amp; info modals &gt; CreditsModal renders a card grid from images.json" time="0.034356288">
        </testcase>
        <testcase classname="src/test/PolicyModals.test.jsx" name="CardDetailModal &gt; returns null when no card is provided" time="0.003405173">
        </testcase>
        <testcase classname="src/test/PolicyModals.test.jsx" name="CardDetailModal &gt; renders the card image + name and fires onAction" time="0.023936091">
        </testcase>
        <testcase classname="src/test/PolicyModals.test.jsx" name="CardDetailModal &gt; renders the icon placeholder when the card has no image" time="0.012385769">
        </testcase>
    </testsuite>
    <testsuite name="src/test/SelectionView.test.jsx" timestamp="2026-06-17T18:47:30.702Z" hostname="cirilla" tests="13" failures="0" errors="0" skipped="0" time="0.290351838">
        <testcase classname="src/test/SelectionView.test.jsx" name="SelectionView — type=&quot;location&quot; &gt; renders all location cards" time="0.117066901">
        </testcase>
        <testcase classname="src/test/SelectionView.test.jsx" name="SelectionView — type=&quot;location&quot; &gt; renders nothing — no header, no cards — when there are no locations" time="0.002604761">
        </testcase>
        <testcase classname="src/test/SelectionView.test.jsx" name="SelectionView — type=&quot;location&quot; &gt; uses the move label on every card footer" time="0.028067245">
        </testcase>
        <testcase classname="src/test/SelectionView.test.jsx" name="SelectionView — type=&quot;location&quot; &gt; calls handleSelectionPreview when info button clicked" time="0.037601536">
            <system-out>
GameCard onPreviewClick [36m[Function: onPreview][39m previewOpened [33mfalse[39m

            </system-out>
        </testcase>
        <testcase classname="src/test/SelectionView.test.jsx" name="SelectionView — type=&quot;location&quot; &gt; fires the move alert when the footer button is clicked" time="0.014326264">
        </testcase>
        <testcase classname="src/test/SelectionView.test.jsx" name="SelectionView — type=&quot;location&quot; &gt; fires move alert when footer button clicked for second location" time="0.008789714">
        </testcase>
        <testcase classname="src/test/SelectionView.test.jsx" name="SelectionView — type=&quot;action&quot; &gt; renders all action cards" time="0.013185751">
        </testcase>
        <testcase classname="src/test/SelectionView.test.jsx" name="SelectionView — type=&quot;action&quot; &gt; renders the execute label on normal actions and end-game label on endGame actions" time="0.010814435">
        </testcase>
        <testcase classname="src/test/SelectionView.test.jsx" name="SelectionView — type=&quot;action&quot; &gt; calls handleSelectionPreview for action type" time="0.009643286">
            <system-out>
GameCard onPreviewClick [36m[Function: onPreview][39m previewOpened [33mfalse[39m

            </system-out>
        </testcase>
        <testcase classname="src/test/SelectionView.test.jsx" name="SelectionView — type=&quot;action&quot; &gt; fires the execute alert for a normal action" time="0.015873166">
        </testcase>
        <testcase classname="src/test/SelectionView.test.jsx" name="SelectionView — type=&quot;action&quot; &gt; calls onEndGame and does NOT fire the execute alert for an endGame action" time="0.010120578">
        </testcase>
        <testcase classname="src/test/SelectionView.test.jsx" name="SelectionView — type=&quot;action&quot; &gt; renders info button for endGame action and calls handleSelectionPreview" time="0.015673587">
            <system-out>
GameCard onPreviewClick [36m[Function: onPreview][39m previewOpened [33mfalse[39m

            </system-out>
        </testcase>
        <testcase classname="src/test/SelectionView.test.jsx" name="SelectionView — type=&quot;action&quot; &gt; renders nothing when there are no actions" time="0.001340859">
        </testcase>
    </testsuite>
    <testsuite name="src/test/SelectionViewLocks.test.jsx" timestamp="2026-06-17T18:47:30.704Z" hostname="cirilla" tests="3" failures="0" errors="0" skipped="0" time="0.282021048">
        <testcase classname="src/test/SelectionViewLocks.test.jsx" name="startBook/SelectionView lock handling &gt; renders lock reasons for requires/prohibited/generic and leaves unlocked selectable" time="0.06284828">
            <system-out>
option { uuid: [32m&apos;o0&apos;[39m, name: [32m&apos;N0&apos;[39m, card: {} } getNonZeroStats []
option { uuid: [32m&apos;o1&apos;[39m, name: [32m&apos;N1&apos;[39m, card: {} } getNonZeroStats []
option { uuid: [32m&apos;o2&apos;[39m, name: [32m&apos;N2&apos;[39m, card: {} } getNonZeroStats []
option { uuid: [32m&apos;o3&apos;[39m, name: [32m&apos;N3&apos;[39m, card: {} } getNonZeroStats []

            </system-out>
        </testcase>
        <testcase classname="src/test/SelectionViewLocks.test.jsx" name="startBook/SelectionView lock handling &gt; omits the preview handler when onPreview is not provided" time="0.008664629">
            <system-out>
option { uuid: [32m&apos;o0&apos;[39m, name: [32m&apos;N0&apos;[39m, card: {} } getNonZeroStats []

            </system-out>
        </testcase>
        <testcase classname="src/test/SelectionViewLocks.test.jsx" name="startBook/SelectionView lock handling &gt; calls onBack from the header button" time="0.203328459">
        </testcase>
    </testsuite>
    <testsuite name="src/test/ServerContext.test.jsx" timestamp="2026-06-17T18:47:30.705Z" hostname="cirilla" tests="7" failures="0" errors="0" skipped="0" time="0.207443158">
        <testcase classname="src/test/ServerContext.test.jsx" name="ServerContext &gt; keeps a stored real server and does not probe" time="0.043813291">
        </testcase>
        <testcase classname="src/test/ServerContext.test.jsx" name="ServerContext &gt; defaults to MOCK_SERVER then probes and adopts the first reachable server" time="0.014311467">
        </testcase>
        <testcase classname="src/test/ServerContext.test.jsx" name="ServerContext &gt; stays on mock when no real server responds" time="0.027917417">
        </testcase>
        <testcase classname="src/test/ServerContext.test.jsx" name="ServerContext &gt; changeServer switches to mock" time="0.076218036">
        </testcase>
        <testcase classname="src/test/ServerContext.test.jsx" name="ServerContext &gt; changeServer normalizes a real URL (strips trailing slash) and stores it" time="0.016737144">
        </testcase>
        <testcase classname="src/test/ServerContext.test.jsx" name="ServerContext &gt; changeServer ignores non-http protocols and invalid URLs" time="0.020205083">
        </testcase>
        <testcase classname="src/test/ServerContext.test.jsx" name="ServerContext &gt; exposes Mock as a server option" time="0.003977925">
        </testcase>
    </testsuite>
    <testsuite name="src/test/SleepButton.test.jsx" timestamp="2026-06-17T18:47:30.706Z" hostname="cirilla" tests="8" failures="0" errors="0" skipped="0" time="0.180056439">
        <testcase classname="src/test/SleepButton.test.jsx" name="SleepButton &gt; does not show the confirm dialog until the button is clicked" time="0.045853254">
        </testcase>
        <testcase classname="src/test/SleepButton.test.jsx" name="SleepButton &gt; opens the confirm dialog when the button is clicked" time="0.033376727">
        </testcase>
        <testcase classname="src/test/SleepButton.test.jsx" name="SleepButton &gt; calls sleepCharacter on confirm and invokes onSlept with the result" time="0.026912576">
        </testcase>
        <testcase classname="src/test/SleepButton.test.jsx" name="SleepButton &gt; is disabled when the character is already sleeping" time="0.005121734">
        </testcase>
        <testcase classname="src/test/SleepButton.test.jsx" name="SleepButton &gt; surfaces the backend error code on a 409 and keeps the dialog open" time="0.024057798">
        </testcase>
        <testcase classname="src/test/SleepButton.test.jsx" name="SleepButton &gt; falls back to e.message when the error has no backend code" time="0.016896258">
        </testcase>
        <testcase classname="src/test/SleepButton.test.jsx" name="SleepButton &gt; closes the dialog with the cancel button" time="0.01151513">
        </testcase>
        <testcase classname="src/test/SleepButton.test.jsx" name="SleepButton &gt; closes the dialog with the (x) close button" time="0.012506766">
        </testcase>
    </testsuite>
    <testsuite name="src/test/SmallComponents.test.jsx" timestamp="2026-06-17T18:47:30.707Z" hostname="cirilla" tests="3" failures="0" errors="0" skipped="0" time="0.086930437">
        <testcase classname="src/test/SmallComponents.test.jsx" name="AntibotMessage &gt; renders the antibot message block" time="0.032233033">
        </testcase>
        <testcase classname="src/test/SmallComponents.test.jsx" name="UserLanguageSelector &gt; lists EN + IT and switches the active language on click" time="0.045473067">
            <system-err>
Warning: Each child in a list should have a unique &quot;key&quot; prop.

Check the render method of `UserLanguageSelector`. See https://reactjs.org/link/warning-keys for more information.
    at button
    at UserLanguageSelector (/mnt/Dati4/Workspace/pathsgames/code/frontend/react-game/src/features/guest-user/UserLanguageSelector.jsx:9:72)
    at LanguageProvider (/mnt/Dati4/Workspace/pathsgames/code/frontend/react-game/src/i18n/context.jsx:13:29)

            </system-err>
        </testcase>
        <testcase classname="src/test/SmallComponents.test.jsx" name="CookieConsentManager &gt; boots the consent banner with the current language and renders nothing" time="0.005146952">
        </testcase>
    </testsuite>
    <testsuite name="src/test/StartBookMobile.test.jsx" timestamp="2026-06-17T18:47:30.708Z" hostname="cirilla" tests="5" failures="0" errors="0" skipped="0" time="0.118995985">
        <testcase classname="src/test/StartBookMobile.test.jsx" name="StartBookMobile &gt; renders the story header and ConfigView by default" time="0.060052077">
        </testcase>
        <testcase classname="src/test/StartBookMobile.test.jsx" name="StartBookMobile &gt; shows a spinner while the detail is loading" time="0.026442311">
        </testcase>
        <testcase classname="src/test/StartBookMobile.test.jsx" name="StartBookMobile &gt; renders OptionPicker when a card is being changed" time="0.003742898">
        </testcase>
        <testcase classname="src/test/StartBookMobile.test.jsx" name="StartBookMobile &gt; wires the proceed action to onProceed" time="0.017408695">
        </testcase>
        <testcase classname="src/test/StartBookMobile.test.jsx" name="StartBookMobile &gt; Start Game button advances via onProceed" time="0.007736132">
        </testcase>
    </testsuite>
    <testsuite name="src/test/StartBookModal.test.jsx" timestamp="2026-06-17T18:47:30.709Z" hostname="cirilla" tests="8" failures="0" errors="0" skipped="0" time="0.194043309">
        <testcase classname="src/test/StartBookModal.test.jsx" name="StartBookModal &gt; shows loading spinner before detail loads" time="0.055818685">
            <system-err>
⚠️ React Router Future Flag Warning: React Router will begin wrapping state updates in `React.startTransition` in v7. You can use the `v7_startTransition` future flag to opt-in early. For more information, see https://reactrouter.com/v6/upgrading/future#v7_starttransition.
⚠️ React Router Future Flag Warning: Relative route resolution within Splat routes is changing in v7. You can use the `v7_relativeSplatPath` future flag to opt-in early. For more information, see https://reactrouter.com/v6/upgrading/future#v7_relativesplatpath.

            </system-err>
        </testcase>
        <testcase classname="src/test/StartBookModal.test.jsx" name="StartBookModal &gt; renders ConfigView after detail loads" time="0.046898504">
        </testcase>
        <testcase classname="src/test/StartBookModal.test.jsx" name="StartBookModal &gt; switches to SelectionView when change is triggered" time="0.03062031">
        </testcase>
        <testcase classname="src/test/StartBookModal.test.jsx" name="StartBookModal &gt; returns to ConfigView after back from selection" time="0.017431133">
        </testcase>
        <testcase classname="src/test/StartBookModal.test.jsx" name="StartBookModal &gt; updates config when an option is selected" time="0.015749234">
        </testcase>
        <testcase classname="src/test/StartBookModal.test.jsx" name="StartBookModal &gt; returns null when story is not provided" time="0.001134333">
        </testcase>
        <testcase classname="src/test/StartBookModal.test.jsx" name="StartBookModal &gt; navigates to start-match and closes when &quot;Start Game&quot; is pressed" time="0.017470813">
        </testcase>
        <testcase classname="src/test/StartBookModal.test.jsx" name="CardPreviewOverlay &gt; renders BookPageContent with the provided card" time="0.00350594">
        </testcase>
    </testsuite>
    <testsuite name="src/test/StartBookSelectionView.test.jsx" timestamp="2026-06-17T18:47:30.710Z" hostname="cirilla" tests="6" failures="0" errors="0" skipped="0" time="0.408302744">
        <testcase classname="src/test/StartBookSelectionView.test.jsx" name="StartBook SelectionView &gt; renders all options" time="0.080707781">
            <system-out>
option { uuid: [32m&apos;o1&apos;[39m, name: [32m&apos;Warrior&apos;[39m, card: { title: [32m&apos;Warrior&apos;[39m } } getNonZeroStats []
option { uuid: [32m&apos;o2&apos;[39m, name: [32m&apos;Mage&apos;[39m, card: { title: [32m&apos;Mage&apos;[39m } } getNonZeroStats []

            </system-out>
        </testcase>
        <testcase classname="src/test/StartBookSelectionView.test.jsx" name="StartBook SelectionView &gt; calls onBack when back button is clicked" time="0.292465883">
            <system-out>
option { uuid: [32m&apos;o1&apos;[39m, name: [32m&apos;Warrior&apos;[39m, card: { title: [32m&apos;Warrior&apos;[39m } } getNonZeroStats []
option { uuid: [32m&apos;o2&apos;[39m, name: [32m&apos;Mage&apos;[39m, card: { title: [32m&apos;Mage&apos;[39m } } getNonZeroStats []

            </system-out>
        </testcase>
        <testcase classname="src/test/StartBookSelectionView.test.jsx" name="StartBook SelectionView &gt; calls onSelect with the correct option when select button is clicked" time="0.011038924">
            <system-out>
option { uuid: [32m&apos;o1&apos;[39m, name: [32m&apos;Warrior&apos;[39m, card: { title: [32m&apos;Warrior&apos;[39m } } getNonZeroStats []
option { uuid: [32m&apos;o2&apos;[39m, name: [32m&apos;Mage&apos;[39m, card: { title: [32m&apos;Mage&apos;[39m } } getNonZeroStats []

            </system-out>
        </testcase>
        <testcase classname="src/test/StartBookSelectionView.test.jsx" name="StartBook SelectionView &gt; calls onPreview when preview button is clicked" time="0.007520548">
            <system-out>
option { uuid: [32m&apos;o1&apos;[39m, name: [32m&apos;Warrior&apos;[39m, card: { title: [32m&apos;Warrior&apos;[39m } } getNonZeroStats []
option { uuid: [32m&apos;o2&apos;[39m, name: [32m&apos;Mage&apos;[39m, card: { title: [32m&apos;Mage&apos;[39m } } getNonZeroStats []

            </system-out>
        </testcase>
        <testcase classname="src/test/StartBookSelectionView.test.jsx" name="StartBook SelectionView &gt; renders with empty options list without crash" time="0.005069935">
        </testcase>
        <testcase classname="src/test/StartBookSelectionView.test.jsx" name="StartBook SelectionView &gt; renders with no onPreview prop (no preview buttons)" time="0.006721113">
            <system-out>
option { uuid: [32m&apos;o1&apos;[39m, name: [32m&apos;Warrior&apos;[39m, card: { title: [32m&apos;Warrior&apos;[39m } } getNonZeroStats []
option { uuid: [32m&apos;o2&apos;[39m, name: [32m&apos;Mage&apos;[39m, card: { title: [32m&apos;Mage&apos;[39m } } getNonZeroStats []

            </system-out>
        </testcase>
    </testsuite>
    <testsuite name="src/test/StartMatchPage.test.jsx" timestamp="2026-06-17T18:47:30.712Z" hostname="cirilla" tests="7" failures="0" errors="0" skipped="0" time="0.636546276">
        <testcase classname="src/test/StartMatchPage.test.jsx" name="StartMatchPage &gt; redirects home when navigation state is missing" time="0.056697616">
            <system-err>
⚠️ React Router Future Flag Warning: React Router will begin wrapping state updates in `React.startTransition` in v7. You can use the `v7_startTransition` future flag to opt-in early. For more information, see https://reactrouter.com/v6/upgrading/future#v7_starttransition.
⚠️ React Router Future Flag Warning: Relative route resolution within Splat routes is changing in v7. You can use the `v7_relativeSplatPath` future flag to opt-in early. For more information, see https://reactrouter.com/v6/upgrading/future#v7_relativesplatpath.

            </system-err>
        </testcase>
        <testcase classname="src/test/StartMatchPage.test.jsx" name="StartMatchPage &gt; passes the antibot check then shows the confirm step (terms + start)" time="0.084137319">
        </testcase>
        <testcase classname="src/test/StartMatchPage.test.jsx" name="StartMatchPage &gt; keeps the antibot gate and offers a retry on widget error (no confirm)" time="0.088157751">
        </testcase>
        <testcase classname="src/test/StartMatchPage.test.jsx" name="StartMatchPage &gt; creates the match after Start + delay with the full loadout and antibot token" time="0.166050327">
        </testcase>
        <testcase classname="src/test/StartMatchPage.test.jsx" name="StartMatchPage &gt; surfaces an error when the auto-join fails" time="0.055220255">
        </testcase>
        <testcase classname="src/test/StartMatchPage.test.jsx" name="StartMatchPage &gt; jumps to the game page after the created delay" time="0.085749198">
        </testcase>
        <testcase classname="src/test/StartMatchPage.test.jsx" name="StartMatchPage &gt; shows an error and retries when match creation fails" time="0.096285058">
        </testcase>
    </testsuite>
    <testsuite name="src/test/StoryCatalog.test.jsx" timestamp="2026-06-17T18:47:30.713Z" hostname="cirilla" tests="7" failures="0" errors="0" skipped="0" time="0.393515544">
        <testcase classname="src/test/StoryCatalog.test.jsx" name="StoryCatalog &gt; renders empty state when no stories" time="0.040823592">
        </testcase>
        <testcase classname="src/test/StoryCatalog.test.jsx" name="StoryCatalog &gt; renders empty state when stories is undefined" time="0.005571189">
        </testcase>
        <testcase classname="src/test/StoryCatalog.test.jsx" name="StoryCatalog &gt; renders stories grouped by category" time="0.028346936">
        </testcase>
        <testcase classname="src/test/StoryCatalog.test.jsx" name="StoryCatalog &gt; calls onStoryClick with the correct story when a card is clicked" time="0.017999484">
        </testcase>
        <testcase classname="src/test/StoryCatalog.test.jsx" name="StoryCatalog &gt; shows each category as a section label" time="0.255840616">
        </testcase>
        <testcase classname="src/test/StoryCatalog.test.jsx" name="StoryCatalog &gt; renders a single category when all stories share one" time="0.026537427">
        </testcase>
        <testcase classname="src/test/StoryCatalog.test.jsx" name="StoryCatalog &gt; badges stories from the matches: Resume for active, Completed for ended" time="0.014620874">
        </testcase>
    </testsuite>
    <testsuite name="src/test/TurnPanel.test.jsx" timestamp="2026-06-17T18:47:30.714Z" hostname="cirilla" tests="9" failures="0" errors="0" skipped="0" time="0.142256827">
        <testcase classname="src/test/TurnPanel.test.jsx" name="TurnPanel &gt; shows the Start button when the match has not started" time="0.055002083">
        </testcase>
        <testcase classname="src/test/TurnPanel.test.jsx" name="TurnPanel &gt; renders the empty message when the queue is empty" time="0.016293815">
        </testcase>
        <testcase classname="src/test/TurnPanel.test.jsx" name="TurnPanel &gt; shows the Pass button and the queue when RUNNING" time="0.014744901">
        </testcase>
        <testcase classname="src/test/TurnPanel.test.jsx" name="TurnPanel &gt; marks the active character row with is-active" time="0.004515276">
        </testcase>
        <testcase classname="src/test/TurnPanel.test.jsx" name="TurnPanel &gt; shows the pass counter only when greater than zero" time="0.007179574">
        </testcase>
        <testcase classname="src/test/TurnPanel.test.jsx" name="TurnPanel &gt; calls onStart when the Start button is clicked" time="0.012777733">
        </testcase>
        <testcase classname="src/test/TurnPanel.test.jsx" name="TurnPanel &gt; calls onPass when the Pass button is clicked" time="0.010263655">
        </testcase>
        <testcase classname="src/test/TurnPanel.test.jsx" name="TurnPanel &gt; disables the action button while busy" time="0.006383426">
        </testcase>
        <testcase classname="src/test/TurnPanel.test.jsx" name="TurnPanel &gt; renders safely when sequence is undefined (defaults to Start)" time="0.010905197">
        </testcase>
    </testsuite>
    <testsuite name="src/test/UserMatchesList.test.jsx" timestamp="2026-06-17T18:47:30.715Z" hostname="cirilla" tests="8" failures="0" errors="0" skipped="0" time="0.190475672">
        <testcase classname="src/test/UserMatchesList.test.jsx" name="UserMatchesList &gt; shows loading state initially" time="0.053572949">
            <system-err>
⚠️ React Router Future Flag Warning: React Router will begin wrapping state updates in `React.startTransition` in v7. You can use the `v7_startTransition` future flag to opt-in early. For more information, see https://reactrouter.com/v6/upgrading/future#v7_starttransition.
⚠️ React Router Future Flag Warning: Relative route resolution within Splat routes is changing in v7. You can use the `v7_relativeSplatPath` future flag to opt-in early. For more information, see https://reactrouter.com/v6/upgrading/future#v7_relativesplatpath.

            </system-err>
        </testcase>
        <testcase classname="src/test/UserMatchesList.test.jsx" name="UserMatchesList &gt; renders match cards after load" time="0.055859556">
        </testcase>
        <testcase classname="src/test/UserMatchesList.test.jsx" name="UserMatchesList &gt; shows title heading" time="0.024907175">
        </testcase>
        <testcase classname="src/test/UserMatchesList.test.jsx" name="UserMatchesList &gt; shows empty message when no matches" time="0.010652592">
        </testcase>
[...]
        </testcase>
        <testcase classname="src/test/i18nContext.test.jsx" name="i18n LanguageProvider &gt; returns the key itself when the translation is missing" time="0.005550754">
        </testcase>
        <testcase classname="src/test/i18nContext.test.jsx" name="i18n LanguageProvider &gt; switches language via setLang" time="0.02594673">
        </testcase>
    </testsuite>
    <testsuite name="src/test/loadoutCards.test.js" timestamp="2026-06-17T18:47:30.725Z" hostname="cirilla" tests="8" failures="0" errors="0" skipped="0" time="0.009125682">
        <testcase classname="src/test/loadoutCards.test.js" name="utils/loadoutCards &gt; buildGameTypeCard maps the single game-type labels and a person image" time="0.002618275">
        </testcase>
        <testcase classname="src/test/loadoutCards.test.js" name="utils/loadoutCards &gt; buildLoginCard maps the guest labels" time="0.000652164">
        </testcase>
        <testcase classname="src/test/loadoutCards.test.js" name="utils/loadoutCards &gt; buildTermsCard carries the scroll icon and terms texts" time="0.000454466">
        </testcase>
        <testcase classname="src/test/loadoutCards.test.js" name="utils/loadoutCards &gt; buildAntibotCard carries the shield icon" time="0.000379967">
        </testcase>
        <testcase classname="src/test/loadoutCards.test.js" name="utils/loadoutCards &gt; buildFreeToPlay carries the gift icon" time="0.000310755">
        </testcase>
        <testcase classname="src/test/loadoutCards.test.js" name="utils/loadoutCards &gt; buildCardToSleep maps the sleep confirm i18n keys" time="0.000447662">
        </testcase>
        <testcase classname="src/test/loadoutCards.test.js" name="utils/loadoutCards &gt; buildEndGameCard maps the end-game card i18n keys" time="0.000394103">
        </testcase>
        <testcase classname="src/test/loadoutCards.test.js" name="utils/loadoutCards &gt; buildStatisticsCard projects totals onto statItemsToPageContent and nulls the image" time="0.001495469">
        </testcase>
    </testsuite>
    <testsuite name="src/test/matchInfoAdapter.test.js" timestamp="2026-06-17T18:47:30.726Z" hostname="cirilla" tests="10" failures="0" errors="0" skipped="0" time="0.013648666">
        <testcase classname="src/test/matchInfoAdapter.test.js" name="matchInfoToGameData &gt; returns empty board for null info" time="0.00362084">
        </testcase>
        <testcase classname="src/test/matchInfoAdapter.test.js" name="matchInfoToGameData &gt; maps players[0] stats (sad → sadness) into playerStats" time="0.001016972">
        </testcase>
        <testcase classname="src/test/matchInfoAdapter.test.js" name="matchInfoToGameData &gt; maps Step 27 max statistics, carried weight and items" time="0.001724834">
        </testcase>
        <testcase classname="src/test/matchInfoAdapter.test.js" name="matchInfoToGameData &gt; defaults max stats and items to empty when no player" time="0.000389457">
        </testcase>
        <testcase classname="src/test/matchInfoAdapter.test.js" name="matchInfoToGameData &gt; builds actualLocationCard from the active location card (player position)" time="0.000716115">
        </testcase>
        <testcase classname="src/test/matchInfoAdapter.test.js" name="matchInfoToGameData &gt; maps the active location neighbors into board move-target cards" time="0.000560817">
        </testcase>
        <testcase classname="src/test/matchInfoAdapter.test.js" name="matchInfoToGameData &gt; falls back to a currentLocation* card (with story image) when locationsActive is absent" time="0.000530593">
        </testcase>
        <testcase classname="src/test/matchInfoAdapter.test.js" name="matchInfoToGameData &gt; merges lean events/choices and active event cards into actions, flags END_GAME" time="0.001381101">
        </testcase>
        <testcase classname="src/test/matchInfoAdapter.test.js" name="matchInfoToGameData &gt; builds the end-game card via the i18n translator" time="0.000857309">
        </testcase>
        <testcase classname="src/test/matchInfoAdapter.test.js" name="matchInfoToGameData &gt; tolerates a minimal info object without players/events" time="0.000544712">
        </testcase>
    </testsuite>
    <testsuite name="src/test/matchStatus.test.js" timestamp="2026-06-17T18:47:30.727Z" hostname="cirilla" tests="2" failures="0" errors="0" skipped="0" time="0.003594701">
        <testcase classname="src/test/matchStatus.test.js" name="matchStatus &gt; storyHasActiveMatch: true only for CREATED/RUNNING of that story" time="0.001715632">
        </testcase>
        <testcase classname="src/test/matchStatus.test.js" name="matchStatus &gt; storyMatchBadge: active wins, then completed, else null" time="0.00053338">
        </testcase>
    </testsuite>
    <testsuite name="src/test/matches.test.js" timestamp="2026-06-17T18:47:30.728Z" hostname="cirilla" tests="32" failures="0" errors="0" skipped="0" time="0.031664805">
        <testcase classname="src/test/matches.test.js" name="matches api &gt; mock mode (no backend) &gt; createMatch synthesizes a MatchSummary" time="0.005628804">
        </testcase>
        <testcase classname="src/test/matches.test.js" name="matches api &gt; mock mode (no backend) &gt; createMatch tolerates a missing payload" time="0.001119024">
        </testcase>
        <testcase classname="src/test/matches.test.js" name="matches api &gt; mock mode (no backend) &gt; listMatches returns an empty array" time="0.000854189">
        </testcase>
        <testcase classname="src/test/matches.test.js" name="matches api &gt; mock mode (no backend) &gt; getMatchInfo returns null" time="0.000511236">
        </testcase>
        <testcase classname="src/test/matches.test.js" name="matches api &gt; mock mode (no backend) &gt; endMatch synthesizes an ENDED response carrying the match uuid" time="0.000710214">
        </testcase>
        <testcase classname="src/test/matches.test.js" name="matches api &gt; mock mode (no backend) &gt; joinMatch synthesizes a character carrying the match uuid and loadout" time="0.000762289">
        </testcase>
        <testcase classname="src/test/matches.test.js" name="matches api &gt; mock mode (no backend) &gt; getMatchPlayers returns an empty array" time="0.000409417">
        </testcase>
        <testcase classname="src/test/matches.test.js" name="matches api &gt; mock mode (no backend) &gt; getCharacter returns null" time="0.00030654">
        </testcase>
        <testcase classname="src/test/matches.test.js" name="matches api &gt; mock mode (no backend) &gt; startMatch synthesizes a RUNNING turn sequence carrying the match uuid" time="0.001033737">
        </testcase>
        <testcase classname="src/test/matches.test.js" name="matches api &gt; mock mode (no backend) &gt; passTurn synthesizes a RUNNING pass result carrying the match uuid" time="0.000618869">
        </testcase>
        <testcase classname="src/test/matches.test.js" name="matches api &gt; mock mode (no backend) &gt; getTurnSequence synthesizes a sequence carrying the match uuid" time="0.0006786">
        </testcase>
        <testcase classname="src/test/matches.test.js" name="matches api &gt; mock mode (no backend) &gt; getMatchClock synthesizes an empty clock at 0 carrying the match uuid" time="0.000506049">
        </testcase>
        <testcase classname="src/test/matches.test.js" name="matches api &gt; mock mode (no backend) &gt; sleepCharacter synthesizes a sleeping success without ending time" time="0.000363398">
        </testcase>
        <testcase classname="src/test/matches.test.js" name="matches api &gt; real server mode &gt; createMatch posts to /api/matches with the bearer token" time="0.002185489">
        </testcase>
        <testcase classname="src/test/matches.test.js" name="matches api &gt; real server mode &gt; createMatch posts without an Authorization header when no token" time="0.000357893">
        </testcase>
        <testcase classname="src/test/matches.test.js" name="matches api &gt; real server mode &gt; createMatch propagates backend errors" time="0.002250261">
        </testcase>
        <testcase classname="src/test/matches.test.js" name="matches api &gt; real server mode &gt; listMatches gets /api/matches" time="0.001813734">
        </testcase>
        <testcase classname="src/test/matches.test.js" name="matches api &gt; real server mode &gt; getMatchInfo gets /api/match/{uuid}/info" time="0.000716954">
        </testcase>
        <testcase classname="src/test/matches.test.js" name="matches api &gt; real server mode &gt; endMatch PATCHes /api/match/{uuidMatch}/end/{uuidEvent} with the bearer token" time="0.001362767">
        </testcase>
        <testcase classname="src/test/matches.test.js" name="matches api &gt; real server mode &gt; endMatch propagates a 406 EVENT_NOT_END_GAME error" time="0.000563798">
        </testcase>
        <testcase classname="src/test/matches.test.js" name="matches api &gt; real server mode &gt; joinMatch posts to /api/matches/{uuid}/join with the loadout and bearer token" time="0.000608889">
        </testcase>
        <testcase classname="src/test/matches.test.js" name="matches api &gt; real server mode &gt; joinMatch sends an empty body when no loadout is given" time="0.000550666">
        </testcase>
        <testcase classname="src/test/matches.test.js" name="matches api &gt; real server mode &gt; getMatchPlayers gets /api/match/{uuid}/players" time="0.000547654">
        </testcase>
        <testcase classname="src/test/matches.test.js" name="matches api &gt; real server mode &gt; getCharacter gets /api/match/{uuid}/characters/{uuidChar}" time="0.000355312">
        </testcase>
        <testcase classname="src/test/matches.test.js" name="matches api &gt; real server mode &gt; startMatch posts to /api/matches/{uuid}/start with the bearer token" time="0.00071052">
        </testcase>
        <testcase classname="src/test/matches.test.js" name="matches api &gt; real server mode &gt; startMatch propagates a 409 NO_CHARACTERS_JOINED error" time="0.000407777">
        </testcase>
        <testcase classname="src/test/matches.test.js" name="matches api &gt; real server mode &gt; passTurn posts to /api/gameplay/{uuid}/action/pass with the bearer token" time="0.000397517">
        </testcase>
        <testcase classname="src/test/matches.test.js" name="matches api &gt; real server mode &gt; passTurn propagates a 409 MATCH_NOT_RUNNING error" time="0.000363579">
        </testcase>
        <testcase classname="src/test/matches.test.js" name="matches api &gt; real server mode &gt; getTurnSequence gets /api/match/{uuid}/turn-sequence" time="0.000415868">
        </testcase>
        <testcase classname="src/test/matches.test.js" name="matches api &gt; real server mode &gt; getMatchClock gets /api/match/{uuid}/clock with the auth header" time="0.000500883">
        </testcase>
        <testcase classname="src/test/matches.test.js" name="matches api &gt; real server mode &gt; sleepCharacter posts to /api/gameplay/{uuid}/action/sleep" time="0.000309529">
        </testcase>
        <testcase classname="src/test/matches.test.js" name="matches api &gt; real server mode &gt; sleepCharacter propagates a 409 ALREADY_SLEEPING error" time="0.000388451">
        </testcase>
    </testsuite>
    <testsuite name="src/test/mock.stories.test.js" timestamp="2026-06-17T18:47:30.732Z" hostname="cirilla" tests="5" failures="0" errors="0" skipped="0" time="0.004295445">
        <testcase classname="src/test/mock.stories.test.js" name="stories mock data (tutorial_story) &gt; should be a non-empty array" time="0.001859949">
        </testcase>
        <testcase classname="src/test/mock.stories.test.js" name="stories mock data (tutorial_story) &gt; each story has required fields" time="0.000445259">
        </testcase>
        <testcase classname="src/test/mock.stories.test.js" name="stories mock data (tutorial_story) &gt; each story card has urlImage and title" time="0.000201752">
        </testcase>
        <testcase classname="src/test/mock.stories.test.js" name="stories mock data (tutorial_story) &gt; stories have characters or difficulties" time="0.00016507">
        </testcase>
        <testcase classname="src/test/mock.stories.test.js" name="stories mock data (tutorial_story) &gt; story uuids are unique" time="0.000228938">
        </testcase>
    </testsuite>
    <testsuite name="src/test/sanitizeHtml.test.js" timestamp="2026-06-17T18:47:30.732Z" hostname="cirilla" tests="4" failures="0" errors="0" skipped="0" time="0.039150922">
        <testcase classname="src/test/sanitizeHtml.test.js" name="utils/sanitizeHtml &gt; keeps benign formatting markup" time="0.021655835">
        </testcase>
        <testcase classname="src/test/sanitizeHtml.test.js" name="utils/sanitizeHtml &gt; strips script tags and inline event handlers" time="0.014292235">
        </testcase>
        <testcase classname="src/test/sanitizeHtml.test.js" name="utils/sanitizeHtml &gt; returns empty string for non-string or empty input" time="0.000728458">
        </testcase>
        <testcase classname="src/test/sanitizeHtml.test.js" name="utils/sanitizeHtml &gt; exposes the same function as default and named export" time="0.000240002">
        </testcase>
    </testsuite>
    <testsuite name="src/test/storiesApi.test.js" timestamp="2026-06-17T18:47:30.733Z" hostname="cirilla" tests="6" failures="0" errors="0" skipped="0" time="0.012699083">
        <testcase classname="src/test/storiesApi.test.js" name="api/stories &gt; getStories returns the adapted mock list" time="0.00316122">
        </testcase>
        <testcase classname="src/test/storiesApi.test.js" name="api/stories &gt; getStory finds a story by uuid and returns null when unknown" time="0.000613768">
        </testcase>
        <testcase classname="src/test/storiesApi.test.js" name="api/stories &gt; getStoryDetail fetches the detail endpoint with the lang query" time="0.003267271">
        </testcase>
        <testcase classname="src/test/storiesApi.test.js" name="api/stories &gt; getStoryDetail defaults the lang to en" time="0.000912259">
        </testcase>
        <testcase classname="src/test/storiesApi.test.js" name="api/stories &gt; getTraitsForClass filters traits by class and builds the endpoint url" time="0.001914797">
        </testcase>
        <testcase classname="src/test/storiesApi.test.js" name="api/stories &gt; getTraitsForClass tolerates an unknown class uuid" time="0.000613598">
        </testcase>
    </testsuite>
    <testsuite name="src/test/traitBudget.test.js" timestamp="2026-06-17T18:47:30.734Z" hostname="cirilla" tests="9" failures="0" errors="0" skipped="0" time="0.006174585">
        <testcase classname="src/test/traitBudget.test.js" name="traitCostTotals &gt; sums positive and negative costs" time="0.001987318">
        </testcase>
        <testcase classname="src/test/traitBudget.test.js" name="traitCostTotals &gt; handles empty or invalid input" time="0.00039502">
        </testcase>
        <testcase classname="src/test/traitBudget.test.js" name="remainingTraitBudget &gt; returns null sides when the difficulty has no limits" time="0.000412682">
        </testcase>
        <testcase classname="src/test/traitBudget.test.js" name="remainingTraitBudget &gt; subtracts the selection totals from the budgets" time="0.000184693">
        </testcase>
        <testcase classname="src/test/traitBudget.test.js" name="canAddTrait &gt; allows a trait within the remaining budget (exact fit included)" time="0.000308358">
        </testcase>
        <testcase classname="src/test/traitBudget.test.js" name="canAddTrait &gt; rejects a trait that would exceed a budget" time="0.00029846">
        </testcase>
        <testcase classname="src/test/traitBudget.test.js" name="canAddTrait &gt; always allows when the difficulty has no limits" time="0.000179938">
        </testcase>
        <testcase classname="src/test/traitBudget.test.js" name="isTraitSelected / toggleTrait &gt; matches by uuid" time="0.000202498">
        </testcase>
        <testcase classname="src/test/traitBudget.test.js" name="isTraitSelected / toggleTrait &gt; toggles in and out immutably" time="0.000541742">
        </testcase>
    </testsuite>
    <testsuite name="src/test/turnstile.test.js" timestamp="2026-06-17T18:47:30.735Z" hostname="cirilla" tests="4" failures="0" errors="0" skipped="0" time="0.031941766">
        <testcase classname="src/test/turnstile.test.js" name="utils/turnstile &gt; defaults the TTL to 30 minutes when not configured" time="0.021952196">
        </testcase>
        <testcase classname="src/test/turnstile.test.js" name="utils/turnstile &gt; falls back to &quot;always&quot; appearance for unset env keys" time="0.003051427">
        </testcase>
        <testcase classname="src/test/turnstile.test.js" name="utils/turnstile &gt; isTurnstilePassValid reflects the presence of the pass cookie" time="0.002915125">
        </testcase>
        <testcase classname="src/test/turnstile.test.js" name="utils/turnstile &gt; recordTurnstilePass writes the cookie with a max-age" time="0.00117015">
        </testcase>
    </testsuite>
    <testsuite name="src/test/tutorialStoryAdapter.test.js" timestamp="2026-06-17T18:47:30.735Z" hostname="cirilla" tests="7" failures="0" errors="0" skipped="0" time="0.022644751">
        <testcase classname="src/test/tutorialStoryAdapter.test.js" name="tutorialStoryAdapter &gt; adaptTutorialStoryList returns a non-empty array" time="0.006905129">
        </testcase>
        <testcase classname="src/test/tutorialStoryAdapter.test.js" name="tutorialStoryAdapter &gt; adapted story has required frontend fields" time="0.003033703">
        </testcase>
        <testcase classname="src/test/tutorialStoryAdapter.test.js" name="tutorialStoryAdapter &gt; adapted story card has urlImage and title" time="0.002774011">
        </testcase>
        <testcase classname="src/test/tutorialStoryAdapter.test.js" name="tutorialStoryAdapter &gt; adapted characterTemplates are non-empty and have required fields" time="0.001161918">
        </testcase>
        <testcase classname="src/test/tutorialStoryAdapter.test.js" name="tutorialStoryAdapter &gt; adapted difficulties are non-empty and have required fields" time="0.000834454">
        </testcase>
        <testcase classname="src/test/tutorialStoryAdapter.test.js" name="tutorialStoryAdapter &gt; adapted traits are non-empty and have bonuses object" time="0.001108354">
        </testcase>
        <testcase classname="src/test/tutorialStoryAdapter.test.js" name="tutorialStoryAdapter &gt; adapted classes are non-empty and have stats object" time="0.001399085">
        </testcase>
    </testsuite>
    <testsuite name="src/test/useAntibot.test.jsx" timestamp="2026-06-17T18:47:30.737Z" hostname="cirilla" tests="5" failures="0" errors="0" skipped="0" time="0.067540404">
        <testcase classname="src/test/useAntibot.test.jsx" name="useAntibot &gt; bypasses (ready) when no site key is configured" time="0.035114585">
        </testcase>
        <testcase classname="src/test/useAntibot.test.jsx" name="useAntibot &gt; starts checking, then onSuccess stores the token and goes ready (no cookie write when cookie:false)" time="0.008402404">
        </testcase>
        <testcase classname="src/test/useAntibot.test.jsx" name="useAntibot &gt; records the pass cookie on success when cookie:true" time="0.005997316">
        </testcase>
        <testcase classname="src/test/useAntibot.test.jsx" name="useAntibot &gt; skips the widget (ready) when cookie:true and a recent pass exists" time="0.004453966">
        </testcase>
        <testcase classname="src/test/useAntibot.test.jsx" name="useAntibot &gt; goes to error on widget failure and retry restarts checking (new attempt)" time="0.003199377">
        </testcase>
    </testsuite>
</testsuites>
