<?xml version="1.0" encoding="utf-8"?><testsuites name="pytest tests"><testsuite name="pytest" errors="0" failures="0" skipped="0" tests="670" time="0.970" timestamp="2026-07-23T21:12:04.397634+02:00" hostname="cirilla"><testcase classname="tests.test_auth_handler" name="test_unknown_route_returns_404" time="0.001" /><testcase classname="tests.test_auth_handler" name="test_create_guest_returns_201" time="0.001" /><testcase classname="tests.test_auth_handler" name="test_create_guest_body_has_access_token" time="0.000" /><testcase classname="tests.test_auth_handler" name="test_create_guest_sets_cookies" time="0.000" /><testcase classname="tests.test_auth_handler" name="test_create_guest_with_test_marker_uses_marker_prefix" time="0.001" /><testcase classname="tests.test_auth_handler" name="test_create_guest_ignores_test_marker_when_not_dev" time="0.001" /><testcase classname="tests.test_auth_handler" name="test_resume_guest_missing_cookie_returns_400" time="0.000" /><testcase classname="tests.test_auth_handler" name="test_resume_guest_invalid_cookie_returns_401" time="0.000" /><testcase classname="tests.test_auth_handler" name="test_resume_guest_valid_cookie_returns_200" time="0.001" /><testcase classname="tests.test_auth_handler" name="test_get_me_without_token_returns_401" time="0.000" /><testcase classname="tests.test_auth_handler" name="test_get_me_with_mock_token_returns_200" time="0.000" /><testcase classname="tests.test_auth_handler" name="test_get_me_mock_token_user_not_found_returns_401" time="0.000" /><testcase classname="tests.test_auth_handler" name="test_logout_without_token_returns_401" time="0.000" /><testcase classname="tests.test_auth_handler" name="test_logout_clears_cookies" time="0.001" /><testcase classname="tests.test_auth_handler" name="test_refresh_token_invalid_returns_401" time="0.000" /><testcase classname="tests.test_auth_handler" name="test_refresh_token_valid_returns_200" time="0.001" /><testcase classname="tests.test_auth_handler" name="test_refresh_token_stale_version_revoked_returns_401" time="0.001" /><testcase classname="tests.test_auth_handler" name="test_refresh_token_matching_version_returns_200" time="0.001" /><testcase classname="tests.test_auth_handler" name="test_refresh_rotation_bumps_token_version" time="0.001" /><testcase classname="tests.test_auth_handler" name="test_logout_bumps_token_version" time="0.001" /><testcase classname="tests.test_auth_handler" name="test_list_guests_requires_admin" time="0.000" /><testcase classname="tests.test_auth_handler" name="test_list_guests_player_forbidden" time="0.000" /><testcase classname="tests.test_auth_handler" name="test_list_guests_admin_returns_200" time="0.001" /><testcase classname="tests.test_auth_handler" name="test_delete_guest_not_found_returns_404" time="0.000" /><testcase classname="tests.test_auth_handler" name="test_delete_guest_success_returns_200" time="0.001" /><testcase classname="tests.test_auth_handler" name="test_guest_stats_returns_counts" time="0.001" /><testcase classname="tests.test_auth_handler" name="test_create_guest_real_jwt_when_mock_disabled" time="0.001" /><testcase classname="tests.test_auth_handler" name="test_refresh_token_real_jwt_when_mock_disabled" time="0.001" /><testcase classname="tests.test_auth_handler_admin" name="test_list_guests_requires_admin" time="0.000" /><testcase classname="tests.test_auth_handler_admin" name="test_list_guests_returns_guest_infos" time="0.001" /><testcase classname="tests.test_auth_handler_admin" name="test_guest_stats_counts_expired" time="0.001" /><testcase classname="tests.test_auth_handler_admin" name="test_cleanup_expired_deletes_expired_guests" time="0.001" /><testcase classname="tests.test_auth_handler_admin" name="test_get_guest_by_uuid_found_and_missing" time="0.001" /><testcase classname="tests.test_auth_handler_admin" name="test_delete_guest_found_and_missing" time="0.001" /><testcase classname="tests.test_auth_handler_admin" name="test_logout_all_revokes_sessions" time="0.001" /><testcase classname="tests.test_auth_handler_guards" name="test_check_admin_ip_separators_only_whitelist_allows" time="0.001" /><testcase classname="tests.test_auth_handler_guards" name="test_check_admin_ip_rejects_unlisted" time="0.000" /><testcase classname="tests.test_auth_handler_guards" name="test_require_admin_short_circuits_on_ip" time="0.000" /><testcase classname="tests.test_auth_handler_guards" name="test_admin_guest_endpoints_propagate_the_guard_error" time="0.000" /><testcase classname="tests.test_auth_handler_guards" name="test_logout_all_propagates_the_auth_error" time="0.000" /><testcase classname="tests.test_auth_handler_guards" name="test_refresh_rejects_non_numeric_mock_version" time="0.000" /><testcase classname="tests.test_auth_handler_guards" name="test_refresh_rejects_missing_cookie" time="0.000" /><testcase classname="tests.test_auth_handler_guards" name="test_refresh_rejects_undecodable_real_jwt" time="0.000" /><testcase classname="tests.test_auth_handler_guards" name="test_refresh_rejects_unknown_user" time="0.000" /><testcase classname="tests.test_auth_handler_helpers" name="test_normalize_path_strips_stage_prefix" time="0.000" /><testcase classname="tests.test_auth_handler_helpers" name="test_get_source_ip_reads_context_and_forwarded_for" time="0.000" /><testcase classname="tests.test_auth_handler_helpers" name="test_check_admin_ip_whitelist_branches" time="0.001" /><testcase classname="tests.test_auth_handler_helpers" name="test_require_auth_jwt_source_uses_db_then_synthetic" time="0.001" /><testcase classname="tests.test_auth_handler_helpers" name="test_require_auth_mock_token_user_not_found" time="0.000" /><testcase classname="tests.test_authorizer_handler" name="test_empty_whitelist_allows_all" time="0.000" /><testcase classname="tests.test_authorizer_handler" name="test_allowed_ip_passes" time="0.001" /><testcase classname="tests.test_authorizer_handler" name="test_disallowed_ip_blocked" time="0.000" /><testcase classname="tests.test_authorizer_handler" name="test_falls_back_to_x_forwarded_for" time="0.000" /><testcase classname="tests.test_authorizer_handler" name="test_blank_whitelist_string_allows_all" time="0.000" /><testcase classname="tests.test_character_handler" name="test_join_no_auth" time="0.000" /><testcase classname="tests.test_character_handler" name="test_join_success" time="0.001" /><testcase classname="tests.test_character_handler" name="test_join_match_not_found" time="0.001" /><testcase classname="tests.test_character_handler" name="test_join_terminal" time="0.001" /><testcase classname="tests.test_character_handler" name="test_join_banned" time="0.001" /><testcase classname="tests.test_character_handler" name="test_join_already_joined" time="0.001" /><testcase classname="tests.test_character_handler" name="test_join_template_not_found" time="0.001" /><testcase classname="tests.test_character_handler" name="test_join_class_not_found" time="0.001" /><testcase classname="tests.test_character_handler" name="test_join_class_not_compatible" time="0.001" /><testcase classname="tests.test_character_handler" name="test_join_no_template" time="0.001" /><testcase classname="tests.test_character_handler" name="test_list_players_ok" time="0.001" /><testcase classname="tests.test_character_handler" name="test_list_players_no_access" time="0.001" /><testcase classname="tests.test_character_handler" name="test_get_character_ok" time="0.001" /><testcase classname="tests.test_character_handler" name="test_get_character_not_found" time="0.001" /><testcase classname="tests.test_character_handler" name="test_match_info_includes_players" time="0.001" /><testcase classname="tests.test_character_handler" name="test_join_unknown_trait_not_found" time="0.001" /><testcase classname="tests.test_character_handler" name="test_join_duplicated_trait" time="0.001" /><testcase classname="tests.test_character_handler" name="test_join_trait_not_compatible_permitted" time="0.001" /><testcase classname="tests.test_character_handler" name="test_join_trait_not_compatible_prohibited" time="0.001" /><testcase classname="tests.test_character_handler" name="test_join_positive_budget_exceeded" time="0.002" /><testcase classname="tests.test_character_handler" name="test_join_exact_budget_ok" time="0.001" /><testcase classname="tests.test_choices" name="test_choices_for_event_filters_and_sorts" time="0.000" /><testcase classname="tests.test_choices" name="test_conditions_by_choice_groups_and_orders" time="0.000" /><testcase classname="tests.test_choices" name="test_count_log_markers" time="0.000" /><testcase classname="tests.test_choices" name="test_build_choice_context_actor_stats_and_lazy_traits" time="0.000" /><testcase classname="tests.test_choices" name="test_build_choice_context_party_reads" time="0.000" /><testcase classname="tests.test_choices" name="test_bare_choice_available_and_null_inputs_blocked" time="0.000" /><testcase classname="tests.test_choices" name="test_otherwise_beats_everything" time="0.000" /><testcase classname="tests.test_choices" name="test_limits" time="0.000" /><testcase classname="tests.test_choices" name="test_keys_conditions" time="0.000" /><testcase classname="tests.test_choices" name="test_membership_conditions" time="0.000" /><testcase classname="tests.test_choices" name="test_identity_conditions" time="0.000" /><testcase classname="tests.test_choices" name="test_all_in_same_loc" time="0.000" /><testcase classname="tests.test_choices" name="test_statistics_conditions" time="0.000" /><testcase classname="tests.test_choices" name="test_statistics_sum_conditions" time="0.000" /><testcase classname="tests.test_choices" name="test_logic_operator" time="0.000" /><testcase classname="tests.test_choices" name="test_unknown_types_and_operator_default" time="0.000" /><testcase classname="tests.test_choices" name="test_choice_by_uuid_finds_the_option_and_tolerates_a_blank" time="0.000" /><testcase classname="tests.test_choices" name="test_effects_for_choice_keeps_the_options_rows_in_authored_order" time="0.000" /><testcase classname="tests.test_choices" name="test_choice_recipients_is_location_scoped_under_flag_group" time="0.000" /><testcase classname="tests.test_common_data_utils" name="test_safe_int_none_returns_default" time="0.000" /><testcase classname="tests.test_common_data_utils" name="test_safe_int_string_number" time="0.000" /><testcase classname="tests.test_common_data_utils" name="test_safe_int_int" time="0.000" /><testcase classname="tests.test_common_data_utils" name="test_safe_int_invalid_returns_default" time="0.000" /><testcase classname="tests.test_common_data_utils" name="test_resolve_raw_text_exact_lang" time="0.000" /><testcase classname="tests.test_common_data_utils" name="test_resolve_raw_text_fallback_to_en" time="0.000" /><testcase classname="tests.test_common_data_utils" name="test_resolve_raw_text_none_id" time="0.000" /><testcase classname="tests.test_common_data_utils" name="test_resolve_raw_text_not_found" time="0.000" /><testcase classname="tests.test_common_data_utils" name="test_resolve_raw_text_uses_long_text_fallback" time="0.000" /><testcase classname="tests.test_common_data_utils" name="test_resolve_raw_text_string_id" time="0.000" /><testcase classname="tests.test_common_data_utils" name="test_resolve_card_found" time="0.000" /><testcase classname="tests.test_common_data_utils" name="test_resolve_card_none_id" time="0.000" /><testcase classname="tests.test_common_data_utils" name="test_resolve_card_not_found" time="0.000" /><testcase classname="tests.test_common_data_utils" name="test_resolve_card_string_id" time="0.000" /><testcase classname="tests.test_common_http_utils" name="test_normalize_path_already_api" time="0.000" /><testcase classname="tests.test_common_http_utils" name="test_normalize_path_strips_stage" time="0.000" /><testcase classname="tests.test_common_http_utils" name="test_normalize_path_no_api" time="0.000" /><testcase classname="tests.test_common_http_utils" name="test_get_source_ip_from_request_context" time="0.000" /><testcase classname="tests.test_common_http_utils" name="test_get_source_ip_from_forwarded_for" time="0.000" /><testcase classname="tests.test_common_http_utils" name="test_get_source_ip_empty" time="0.000" /><testcase classname="tests.test_common_http_utils" name="test_bearer_token_present" time="0.000" /><testcase classname="tests.test_common_http_utils" name="test_bearer_token_case_insensitive_header" time="0.000" /><testcase classname="tests.test_common_http_utils" name="test_bearer_token_missing" time="0.000" /><testcase classname="tests.test_common_http_utils" name="test_bearer_token_no_bearer_prefix" time="0.000" /><testcase classname="tests.test_common_http_utils" name="test_check_admin_ip_no_whitelist" time="0.000" /><testcase classname="tests.test_common_http_utils" name="test_check_admin_ip_allowed" time="0.000" /><testcase classname="tests.test_common_http_utils" name="test_check_admin_ip_blocked" time="0.000" /><testcase classname="tests.test_common_response" name="test_headers_constant" time="0.000" /><testcase classname="tests.test_common_response" name="test_decimal_encoder_int" time="0.000" /><testcase classname="tests.test_common_response" name="test_decimal_encoder_float" time="0.000" /><testcase classname="tests.test_common_response" name="test_ok_default_status" time="0.000" /><testcase classname="tests.test_common_response" name="test_ok_custom_status" time="0.000" /><testcase classname="tests.test_common_response" name="test_ok_with_cookies" time="0.000" /><testcase classname="tests.test_common_response" name="test_ok_without_cookies_omits_key" time="0.000" /><testcase classname="tests.test_common_response" name="test_err_structure" time="0.000" /><testcase classname="tests.test_common_response" name="test_err_403" time="0.000" /><testcase classname="tests.test_content_handler" name="test_unknown_route_returns_404" time="0.001" /><testcase classname="tests.test_content_handler" name="test_post_method_returns_404" time="0.000" /><testcase classname="tests.test_content_handler" name="test_get_card_success" time="0.000" /><testcase classname="tests.test_content_handler" name="test_get_card_resolves_texts" time="0.000" /><testcase classname="tests.test_content_handler" name="test_get_card_story_not_found_returns_404" time="0.001" /><testcase classname="tests.test_content_handler" name="test_get_card_uuid_not_found_in_story_returns_404" time="0.000" /><testcase classname="tests.test_content_handler" name="test_get_text_success" time="0.000" /><testcase classname="tests.test_content_handler" name="test_get_text_italian_found" time="0.000" /><testcase classname="tests.test_content_handler" name="test_get_text_lang_fallback_to_english" time="0.000" /><testcase classname="tests.test_content_handler" name="test_get_text_not_found_returns_404" time="0.000" /><testcase classname="tests.test_content_handler" name="test_get_creator_success" time="0.000" /><testcase classname="tests.test_content_handler" name="test_get_creator_not_found_returns_404" time="0.000" /><testcase classname="tests.test_content_handler" name="test_get_creator_story_not_found_returns_404" time="0.000" /><testcase classname="tests.test_content_handler_text" name="test_get_text_resolves_copyright_and_creator" time="0.001" /><testcase classname="tests.test_content_handler_text" name="test_get_text_story_missing_returns_404" time="0.000" /><testcase classname="tests.test_content_handler_text" name="test_get_text_text_missing_returns_404" time="0.001" /><testcase classname="tests.test_content_handler_text" name="test_helpers_decimal_encoder_and_normalize_path" time="0.000" /><testcase classname="tests.test_db_utils.TestToynamodbValue" name="test_float_converted_to_decimal" time="0.000" /><testcase classname="tests.test_db_utils.TestToynamodbValue" name="test_nested_float_conversion" time="0.000" /><testcase classname="tests.test_db_utils.TestToynamodbValue" name="test_list_float_conversion" time="0.001" /><testcase classname="tests.test_db_utils.TestToynamodbValue" name="test_non_float_passthrough" time="0.001" /><testcase classname="tests.test_db_utils.TestToynamodbValue" name="test_tuple_conversion" time="0.000" /><testcase classname="tests.test_db_utils.TestGetItem" name="test_hit" time="0.001" /><testcase classname="tests.test_db_utils.TestGetItem" name="test_miss" time="0.000" /><testcase classname="tests.test_db_utils.TestGetItem" name="test_custom_sk" time="0.000" /><testcase classname="tests.test_db_utils.TestPutItem" name="test_adds_timestamps" time="0.001" /><testcase classname="tests.test_db_utils.TestPutItem" name="test_converts_float" time="0.001" /><testcase classname="tests.test_db_utils.TestPutItem" name="test_preserves_existing_ts_insert" time="0.001" /><testcase classname="tests.test_db_utils.TestDeleteItem" name="test_success" time="0.001" /><testcase classname="tests.test_db_utils.TestDeleteItem" name="test_custom_sk" time="0.001" /><testcase classname="tests.test_db_utils.TestQueryByPk" name="test_returns_items" time="0.001" /><testcase classname="tests.test_db_utils.TestQueryByPk" name="test_empty" time="0.001" /><testcase classname="tests.test_db_utils.TestDeleteAllByPk" name="test_deletes_all" time="0.002" /><testcase classname="tests.test_db_utils.TestScanFilter" name="test_returns_matching_items" time="0.001" /><testcase classname="tests.test_db_utils.TestUpdateTsLastAccess" name="test_success" time="0.001" /><testcase classname="tests.test_db_utils.TestGetTable" name="test_lazy_initialization_uses_env_values" time="0.001" /><testcase classname="tests.test_db_utils.TestGetTable" name="test_lazy_initialization_default_region" time="0.001" /><testcase classname="tests.test_db_utils.TestQueryGsi" name="test_without_sk_prefix" time="0.001" /><testcase classname="tests.test_db_utils.TestQueryGsi" name="test_with_sk_prefix" time="0.001" /><testcase classname="tests.test_db_utils.TestDbUtilsErrorBranches" name="test_get_item_client_error_returns_none" time="0.001" /><testcase classname="tests.test_db_utils.TestDbUtilsErrorBranches" name="test_put_item_client_error_returns_false" time="0.001" /><testcase classname="tests.test_db_utils.TestDbUtilsErrorBranches" name="test_put_item_unexpected_error_returns_false" time="0.001" /><testcase classname="tests.test_db_utils.TestDbUtilsErrorBranches" name="test_delete_item_client_error_returns_false" time="0.001" /><testcase classname="tests.test_db_utils.TestDbUtilsErrorBranches" name="test_query_by_pk_client_error_returns_empty" time="0.001" /><testcase classname="tests.test_db_utils.TestDbUtilsErrorBranches" name="test_query_gsi_client_error_returns_empty" time="0.001" /><testcase classname="tests.test_db_utils.TestDbUtilsErrorBranches" name="test_scan_filter_client_error_returns_empty" time="0.001" /><testcase classname="tests.test_db_utils.TestDbUtilsErrorBranches" name="test_update_ts_last_access_client_error_returns_false" time="0.001" /><testcase classname="tests.test_db_utils.TestPagination" name="test_scan_pk_prefix_follows_last_evaluated_key" time="0.001" /><testcase classname="tests.test_db_utils.TestPagination" name="test_query_by_pk_follows_last_evaluated_key" time="0.001" /><testcase classname="tests.test_db_utils.TestPagination" name="test_query_gsi_follows_last_evaluated_key" time="0.000" /><testcase classname="tests.test_db_utils.TestQueryIndexPage" name="test_single_page_returns_items_and_last_key" time="0.001" /><testcase classname="tests.test_db_utils.TestQueryIndexPage" name="test_sk_from_adds_range_and_filters_and_start_key" time="0.001" /><testcase classname="tests.test_db_utils.TestQueryIndexPage" name="test_no_active_filters_omits_filter_expression" time="0.000" /><testcase classname="tests.test_db_utils.TestQueryIndexPage" name="test_client_error_returns_empty" time="0.000" /><testcase classname="tests.test_db_utils.TestBackfillGsi2Matches" name="test_backfills_only_rows_missing_keys" time="0.001" /><testcase classname="tests.test_db_utils.TestBackfillGsi2Matches" name="test_dry_run_writes_nothing" time="0.001" /><testcase classname="tests.test_db_utils.TestBackfillGsi2Matches" name="test_follows_last_evaluated_key" time="0.001" /><testcase classname="tests.test_db_utils.TestBackfillGsi2Matches" name="test_derives_uuid_from_pk_and_defaults_missing_ts" time="0.001" /><testcase classname="tests.test_db_utils.TestCursorCodec" name="test_round_trip" time="0.000" /><testcase classname="tests.test_db_utils.TestCursorCodec" name="test_encode_none_or_empty_is_none" time="0.000" /><testcase classname="tests.test_db_utils.TestCursorCodec" name="test_decode_none_or_blank_is_none" time="0.000" /><testcase classname="tests.test_db_utils.TestCursorCodec" name="test_decode_malformed_token_is_none" time="0.000" /><testcase classname="tests.test_echo_handler" name="test_echo_status_200" time="0.000" /><testcase classname="tests.test_echo_handler" name="test_echo_body_has_status_up" time="0.000" /><testcase classname="tests.test_echo_handler" name="test_echo_body_has_timestamp" time="0.000" /><testcase classname="tests.test_echo_handler" name="test_echo_body_has_properties" time="0.000" /><testcase classname="tests.test_echo_handler" name="test_echo_env_defaults_to_dev" time="0.000" /><testcase classname="tests.test_echo_handler" name="test_echo_env_reflects_environment_variable" time="0.000" /><testcase classname="tests.test_echo_handler" name="test_echo_content_type_header" time="0.000" /><testcase classname="tests.test_events" name="test_plain_normal_event_is_available" time="0.000" /><testcase classname="tests.test_events" name="test_once_not_yet_consumed" time="0.000" /><testcase classname="tests.test_events" name="test_type_is_case_insensitive" time="0.000" /><testcase classname="tests.test_events" name="test_null_location_means_no_constraint" time="0.000" /><testcase classname="tests.test_events" name="test_cost_exactly_equal_is_enough" time="0.000" /><testcase classname="tests.test_events" name="test_all_conditions_satisfied" time="0.000" /><testcase classname="tests.test_events" name="test_missing_event" time="0.000" /><testcase classname="tests.test_events" name="test_no_context_or_no_character" time="0.000" /><testcase classname="tests.test_events" name="test_sleeping_and_coma_are_told_apart[state0-SLEEPING]" time="0.000" /><testcase classname="tests.test_events" name="test_sleeping_and_coma_are_told_apart[state1-COMA]" time="0.000" /><testcase classname="tests.test_events" name="test_sleeping_and_coma_are_told_apart[state2-COMA]" time="0.000" /><testcase classname="tests.test_events" name="test_only_normal_and_once_are_player_executable[AUTOMATIC]" time="0.000" /><testcase classname="tests.test_events" name="test_only_normal_and_once_are_player_executable[FIRST]" time="0.000" /><testcase classname="tests.test_events" name="test_only_normal_and_once_are_player_executable[END]" time="0.000" /><testcase classname="tests.test_events" name="test_only_normal_and_once_are_player_executable[END_GAME]" time="0.000" /><testcase classname="tests.test_events" name="test_only_normal_and_once_are_player_executable[None]" time="0.000" /><testcase classname="tests.test_events" name="test_once_already_consumed" time="0.000" /><testcase classname="tests.test_events" name="test_a_consumed_normal_event_stays_available" time="0.000" /><testcase classname="tests.test_events" name="test_wrong_location" time="0.000" /><testcase classname="tests.test_events" name="test_the_legacy_idlocation_alias_is_honoured" time="0.000" /><testcase classname="tests.test_events" name="test_idspecificlocation_wins_over_the_stale_alias" time="0.000" /><testcase classname="tests.test_events" name="test_not_enough_energy_and_coins" time="0.000" /><testcase classname="tests.test_events" name="test_registry_key_absent_or_different" time="0.000" /><testcase classname="tests.test_events" name="test_registry_key_with_no_expected_value_is_never_met" time="0.000" /><testcase classname="tests.test_events" name="test_weather_item_and_class_conditions" time="0.000" /><testcase classname="tests.test_events" name="test_actor_state_wins_over_everything" time="0.000" /><testcase classname="tests.test_events" name="test_location_wins_over_cost_and_energy_over_coins" time="0.000" /><testcase classname="tests.test_events" name="test_consumed_set_only_counts_executed_rows" time="0.000" /><testcase classname="tests.test_events" name="test_build_context_resolves_the_class_id_from_the_class_uuid" time="0.000" /><testcase classname="tests.test_events" name="test_build_context_with_no_caller" time="0.000" /><testcase classname="tests.test_events" name="test_stats_clamp_at_the_max_and_at_zero" time="0.000" /><testcase classname="tests.test_events" name="test_backpack_stats_and_aliases" time="0.000" /><testcase classname="tests.test_events" name="test_an_unknown_statistic_is_ignored" time="0.000" /><testcase classname="tests.test_events" name="test_target_all_reaches_the_actors_location_only" time="0.000" /><testcase classname="tests.test_events" name="test_only_one_and_target_class" time="0.000" /><testcase classname="tests.test_events" name="test_items_are_added_and_removed" time="0.000" /><testcase classname="tests.test_events" name="test_traits_and_characteristics" time="0.000" /><testcase classname="tests.test_events" name="test_registry_upsert_reports_the_old_value_and_types_the_new_one" time="0.000" /><testcase classname="tests.test_events" name="test_forced_movement_moves_the_character_and_logs_at_cost_zero" time="0.000" /><testcase classname="tests.test_events" name="test_forced_movement_to_an_unknown_location_is_skipped" time="0.000" /><testcase classname="tests.test_events" name="test_forced_movement_to_the_current_location_is_a_no_op" time="0.000" /><testcase classname="tests.test_events" name="test_a_moved_character_resolves_all_at_the_new_location" time="0.000" /><testcase classname="tests.test_events" name="test_effects_are_grouped_by_event_in_authored_order" time="0.000" /><testcase classname="tests.test_events_edge_cases" name="test_nz_coerces_and_defaults_to_zero" time="0.000" /><testcase classname="tests.test_events_edge_cases" name="test_clamp_open_upper_bound" time="0.000" /><testcase classname="tests.test_events_edge_cases" name="test_clamp_inverted_bounds_returns_low" time="0.000" /><testcase classname="tests.test_events_edge_cases" name="test_clamp_normal_bounds" time="0.000" /><testcase classname="tests.test_events_edge_cases" name="test_build_context_skips_keyless_registry_rows" time="0.000" /><testcase classname="tests.test_events_edge_cases" name="test_build_context_stringifies_int_registry_values" time="0.000" /><testcase classname="tests.test_events_edge_cases" name="test_build_context_null_registry_value_stays_none" time="0.000" /><testcase classname="tests.test_events_edge_cases" name="test_apply_stat_without_statistic_is_a_noop" time="0.000" /><testcase classname="tests.test_events_edge_cases" name="test_apply_stat_clamps_at_max" time="0.000" /><testcase classname="tests.test_events_edge_cases" name="test_apply_stat_never_goes_below_zero" time="0.000" /><testcase classname="tests.test_events_edge_cases" name="test_apply_stat_maps_short_names_to_fields" time="0.000" /><testcase classname="tests.test_events_edge_cases" name="test_apply_item_add_creates_then_stacks" time="0.000" /><testcase classname="tests.test_events_edge_cases" name="test_apply_item_remove_decrements_then_drops_the_row" time="0.000" /><testcase classname="tests.test_events_edge_cases" name="test_apply_item_remove_absent_item_is_a_noop" time="0.000" /><testcase classname="tests.test_events_edge_cases" name="test_apply_traits_add_is_idempotent_and_remove_works" time="0.000" /><testcase classname="tests.test_events_edge_cases" name="test_apply_traits_remove_unknown_id_is_a_noop" time="0.000" /><testcase classname="tests.test_events_edge_cases" name="test_apply_registry_creates_a_new_row" time="0.000" /><testcase classname="tests.test_events_edge_cases" name="test_apply_registry_reads_previous_int_value_as_string" time="0.000" /><testcase classname="tests.test_events_edge_cases" name="test_all_in_coma_empty_roster_is_false" time="0.000" /><testcase classname="tests.test_events_edge_cases" name="test_all_in_coma_requires_every_character" time="0.000" /><testcase classname="tests.test_jwt_utils" name="test_mock_token_returns_uuid" time="0.000" /><testcase classname="tests.test_jwt_utils" name="test_mock_token_role_is_none" time="0.000" /><testcase classname="tests.test_jwt_utils" name="test_mock_token_rejected_when_disabled" time="0.000" /><testcase classname="tests.test_jwt_utils" name="test_generate_access_token_is_valid" time="0.000" /><testcase classname="tests.test_jwt_utils" name="test_generate_access_token_admin" time="0.000" /><testcase classname="tests.test_jwt_utils" name="test_generate_refresh_token_roundtrip" time="0.000" /><testcase classname="tests.test_jwt_utils" name="test_verify_refresh_token_expired" time="0.000" /><testcase classname="tests.test_jwt_utils" name="test_verify_refresh_token_wrong_type" time="0.000" /><testcase classname="tests.test_jwt_utils" name="test_verify_refresh_token_invalid" time="0.000" /><testcase classname="tests.test_jwt_utils" name="test_generate_access_token_rejected_as_refresh" time="0.000" /><testcase classname="tests.test_jwt_utils" name="test_valid_jwt_returns_claims" time="0.000" /><testcase classname="tests.test_jwt_utils" name="test_admin_jwt_role" time="0.000" /><testcase classname="tests.test_jwt_utils" name="test_expired_jwt_returns_none" time="0.000" /><testcase classname="tests.test_jwt_utils" name="test_wrong_type_returns_none" time="0.000" /><testcase classname="tests.test_jwt_utils" name="test_wrong_signature_returns_none" time="0.000" /><testcase classname="tests.test_jwt_utils" name="test_malformed_token_returns_none" time="0.000" /><testcase classname="tests.test_jwt_utils" name="test_empty_token_returns_none" time="0.000" /><testcase classname="tests.test_jwt_utils" name="test_two_parts_token_returns_none" time="0.000" /><testcase classname="tests.test_match_handler" name="test_create_match_no_auth_returns_401" time="0.000" /><testcase classname="tests.test_match_handler" name="test_invalid_token_returns_401" time="0.001" /><testcase classname="tests.test_match_handler" name="test_mock_user_not_in_db_returns_401" time="0.001" /><testcase classname="tests.test_match_handler" name="test_jwt_user_not_in_db_uses_synthetic_user" time="0.001" /><testcase classname="tests.test_match_handler" name="test_options_preflight_short_circuit" time="0.000" /><testcase classname="tests.test_match_handler" name="test_create_match_turnstile_failure_returns_400" time="0.001" /><testcase classname="tests.test_match_handler" name="test_verify_turnstile_bypass_token_skips_cloudflare" time="0.001" /><testcase classname="tests.test_match_handler" name="test_verify_turnstile_bypass_token_mismatch_falls_through" time="0.059" /><testcase classname="tests.test_match_handler" name="test_verify_turnstile_empty_bypass_token_never_short_circuits" time="0.001" /><testcase classname="tests.test_match_handler" name="test_verify_turnstile_bypass_token_disabled_in_prod" time="0.002" /><testcase classname="tests.test_match_handler" name="test_create_match_with_bypass_token_returns_201" time="0.001" /><testcase classname="tests.test_match_handler" name="test_create_match_invalid_input_missing_story" time="0.001" /><testcase classname="tests.test_match_handler" name="test_create_match_invalid_input_missing_difficulty" time="0.001" /><testcase classname="tests.test_match_handler" name="test_create_match_invalid_json_body" time="0.001" /><testcase classname="tests.test_match_handler" name="test_create_match_maintenance_returns_503" time="0.001" /><testcase classname="tests.test_match_handler" name="test_create_match_banned_user_returns_403" time="0.001" /><testcase classname="tests.test_match_handler" name="test_create_match_story_not_found_returns_404" time="0.001" /><testcase classname="tests.test_match_handler" name="test_create_match_difficulty_not_found_returns_404" time="0.001" /><testcase classname="tests.test_match_handler" name="test_create_match_no_locations_returns_400" time="0.001" /><testcase classname="tests.test_match_handler" name="test_create_match_happy_path" time="0.001" /><testcase classname="tests.test_match_handler" name="test_create_match_persists_creator_loadout" time="0.001" /><testcase classname="tests.test_match_handler" name="test_create_match_single_player_defaults_to_1" time="0.001" /><testcase classname="tests.test_match_handler" name="test_create_match_no_difficulty_exp_defaults_to_5" time="0.001" /><testcase classname="tests.test_match_handler" name="test_create_match_no_keys_seeds_empty_registry" time="0.001" /><testcase classname="tests.test_match_handler" name="test_create_match_no_start_location_in_locations" time="0.001" /><testcase classname="tests.test_match_handler" name="test_create_match_legacy_field_names_supported" time="0.001" /><testcase classname="tests.test_match_handler" name="test_list_user_matches_returns_summaries" time="0.001" /><testcase classname="tests.test_match_handler" name="test_get_match_info_not_found" time="0.001" /><testcase classname="tests.test_match_handler" name="test_get_match_info_other_owner_returns_404" time="0.001" /><testcase classname="tests.test_match_handler" name="test_get_match_info_success" time="0.002" /><testcase classname="tests.test_match_handler" name="test_get_match_info_locations_active" time="0.001" /><testcase classname="tests.test_match_handler" name="test_match_info_hides_location_card_fallback_for_unvisited_neighbor" time="0.001" /><testcase classname="tests.test_match_handler" name="test_match_info_one_way_neighbor_hidden_on_destination" time="0.001" /><testcase classname="tests.test_match_handler" name="test_get_match_info_resolves_cards_in_requested_lang" time="0.001" /><testcase classname="tests.test_match_handler" name="test_match_info_neighbor_cardback_reads_admin_edited_location_neighbors" time="0.001" /><testcase classname="tests.test_match_handler" name="test_match_info_event_placed_by_idspecificlocation_not_stale_idlocation" time="0.001" /><testcase classname="tests.test_match_handler" name="test_get_match_info_missing_uuid_param_falls_back_to_path_segment" time="0.001" /><testcase classname="tests.test_match_handler" name="test_unknown_route_returns_404" time="0.001" /><testcase classname="tests.test_match_handler" name="test_normalize_path_handles_stage_prefix" time="0.001" /><testcase classname="tests.test_match_handler" name="test_list_all_matches_as_admin_returns_envelope" time="0.001" /><testcase classname="tests.test_match_handler" name="test_list_all_matches_non_admin_returns_403" time="0.001" /><testcase classname="tests.test_match_handler" name="test_list_all_matches_empty" time="0.001" /><testcase classname="tests.test_match_handler" name="test_list_all_matches_emits_next_cursor" time="0.001" /><testcase classname="tests.test_match_handler" name="test_list_all_matches_forwards_filters_and_cursor" time="0.001" /><testcase classname="tests.test_match_handler" name="test_list_all_matches_clamps_and_defaults_limit" time="0.001" /><testcase classname="tests.test_match_handler" name="test_list_match_statuses" time="0.001" /><testcase classname="tests.test_match_handler" name="test_update_match_returns_200" time="0.001" /><testcase classname="tests.test_match_handler" name="test_update_match_invalid_status_returns_400" time="0.001" /><testcase classname="tests.test_match_handler" name="test_update_match_empty_body_returns_400" time="0.001" /><testcase classname="tests.test_match_handler" name="test_update_match_not_found_returns_404" time="0.001" /><testcase classname="tests.test_match_handler" name="test_stop_match_sets_ended" time="0.001" /><testcase classname="tests.test_match_handler" name="test_delete_match_terminal_returns_200" time="0.001" /><testcase classname="tests.test_match_handler" name="test_delete_match_non_terminal_returns_409" time="0.001" /><testcase classname="tests.test_match_handler" name="test_delete_match_not_found_returns_404" time="0.001" /><testcase classname="tests.test_match_handler" name="test_admin_match_route_rejects_non_admin" time="0.001" /><testcase classname="tests.test_match_handler" name="test_get_admin_match_info_returns_200_for_any_owner" time="0.001" /><testcase classname="tests.test_match_handler" name="test_get_admin_match_info_not_found_returns_404" time="0.001" /><testcase classname="tests.test_match_handler" name="test_end_match_unknown_match_returns_404" time="0.001" /><testcase classname="tests.test_match_handler" name="test_end_match_other_owner_returns_404" time="0.001" /><testcase classname="tests.test_match_handler" name="test_end_match_story_missing_end_event_returns_406" time="0.001" /><testcase classname="tests.test_match_handler" name="test_end_match_wrong_event_returns_406" time="0.001" /><testcase classname="tests.test_match_handler" name="test_end_match_completes_and_sets_ended" time="0.001" /><testcase classname="tests.test_match_handler" name="test_end_match_no_auth_returns_401" time="0.001" /><testcase classname="tests.test_match_handler" name="test_match_info_locations_only_visited_and_name_stripped" time="0.001" /><testcase classname="tests.test_match_handler" name="test_match_info_movement_log_reveals_location_and_its_card" time="0.001" /><testcase classname="tests.test_match_handler" name="test_admin_match_info_keeps_all_locations_but_same_fog" time="0.001" /><testcase classname="tests.test_match_handler_admin_routes" name="test_stop_pause_resume_routes" time="0.001" /><testcase classname="tests.test_match_handler_admin_routes" name="test_put_requires_status_or_name" time="0.001" /><testcase classname="tests.test_match_handler_admin_routes" name="test_put_invalid_json_returns_400" time="0.001" /><testcase classname="tests.test_match_handler_admin_routes" name="test_delete_match_route" time="0.001" /><testcase classname="tests.test_match_handler_admin_routes" name="test_unknown_admin_subroute_returns_404" time="0.001" /><testcase classname="tests.test_match_handler_admin_routes" name="test_change_statistics_updates_character" time="0.001" /><testcase classname="tests.test_match_handler_admin_routes" name="test_change_statistics_caps_energy_at_max" time="0.001" /><testcase classname="tests.test_match_handler_admin_routes" name="test_change_statistics_match_not_found" time="0.001" /><testcase classname="tests.test_match_handler_admin_routes" name="test_change_statistics_player_not_found" time="0.001" /><testcase classname="tests.test_match_handler_admin_routes" name="test_change_statistics_skip_minus_one_values" time="0.001" /><testcase classname="tests.test_match_handler_admin_routes" name="test_clearing_coma_wakes_the_character_and_gives_it_a_life_to_act_with" time="0.001" /><testcase classname="tests.test_match_handler_admin_routes" name="test_clearing_coma_keeps_the_life_the_admin_asked" time="0.001" /><testcase classname="tests.test_match_handler_admin_routes" name="test_sleeping_flag_is_set_on_its_own_and_coma_is_left_alone" time="0.001" /><testcase classname="tests.test_match_handler_admin_routes" name="test_flags_untouched_when_the_body_carries_none" time="0.001" /><testcase classname="tests.test_match_handler_edge_states" name="test_life_at_zero_comas_and_stamps_the_clock" time="0.001" /><testcase classname="tests.test_match_handler_edge_states" name="test_a_comatose_actor_cannot_execute_at_all" time="0.001" /><testcase classname="tests.test_match_handler_edge_states" name="test_sadness_never_rests_at_its_cap" time="0.001" /><testcase classname="tests.test_match_handler_edge_states" name="test_the_character_detail_projection_exposes_the_coma_clock" time="0.000" /><testcase classname="tests.test_match_handler_edge_states" name="test_an_overflow_that_empties_the_life_bar_also_comas" time="0.001" /><testcase classname="tests.test_match_handler_edge_states" name="test_everyone_down_runs_the_epilogue_and_keeps_it_separate" time="0.001" /><testcase classname="tests.test_match_handler_edge_states" name="test_the_match_is_not_moved_to_gameover" time="0.001" /><testcase classname="tests.test_match_handler_edge_states" name="test_a_story_with_no_authored_epilogue_still_logs_the_collapse" time="0.001" /><testcase classname="tests.test_match_handler_edge_states" name="test_a_dangling_epilogue_id_is_authored_noise" time="0.001" /><testcase classname="tests.test_match_handler_edge_states" name="test_a_quiet_execution_leaves_the_edge_state_empty" time="0.001" /><testcase classname="tests.test_match_handler_execute_event" name="test_execute_event_resolves_the_card_of_the_event_and_of_every_effect" time="0.001" /><testcase classname="tests.test_match_handler_execute_event" name="test_execute_event_cards_follow_the_lang_parameter" time="0.001" /><testcase classname="tests.test_match_handler_execute_event_choices" name="test_no_choice_event_answers_applied" time="0.001" /><testcase classname="tests.test_match_handler_execute_event_choices" name="test_first_open_pays_marks_and_presents" time="0.001" /><testcase classname="tests.test_match_handler_execute_event_choices" name="test_open_cycle_serves_again_without_charging_or_writing" time="0.001" /><testcase classname="tests.test_match_handler_execute_event_choices" name="test_open_cycle_bypasses_the_verdict_for_a_spent_once" time="0.001" /><testcase classname="tests.test_match_handler_execute_event_choices" name="test_closed_cycle_of_a_once_event_is_spent" time="0.001" /><testcase classname="tests.test_match_handler_execute_event_choices" name="test_first_open_of_an_unavailable_event_is_rejected" time="0.001" /><testcase classname="tests.test_match_handler_helpers_extra" name="test_check_admin_ip_no_whitelist_allows" time="0.000" /><testcase classname="tests.test_match_handler_helpers_extra" name="test_check_admin_ip_whitelist_of_only_separators_allows" time="0.000" /><testcase classname="tests.test_match_handler_helpers_extra" name="test_check_admin_ip_allows_listed_ip" time="0.000" /><testcase classname="tests.test_match_handler_helpers_extra" name="test_check_admin_ip_rejects_unlisted_ip" time="0.000" /><testcase classname="tests.test_match_handler_helpers_extra" name="test_admin_route_blocked_by_ip_whitelist" time="0.001" /><testcase classname="tests.test_match_handler_helpers_extra" name="test_weather_time_matches_before_window" time="0.000" /><testcase classname="tests.test_match_handler_helpers_extra" name="test_weather_condition_no_key_always_matches" time="0.000" /><testcase classname="tests.test_match_handler_helpers_extra" name="test_weather_condition_matches_string_registry_value" time="0.000" /><testcase classname="tests.test_match_handler_helpers_extra" name="test_weather_condition_matches_int_registry_value_as_string" time="0.000" /><testcase classname="tests.test_match_handler_helpers_extra" name="test_weather_condition_missing_key_only_matches_null_expectation" time="0.000" /><testcase classname="tests.test_match_handler_helpers_extra" name="test_weather_condition_registry_none" time="0.000" /><testcase classname="tests.test_match_handler_helpers_extra" name="test_weather_weighted_pick_zero_total_returns_first" time="0.000" /><testcase classname="tests.test_match_handler_helpers_extra" name="test_weather_weighted_pick_picks_a_rule" time="0.000" /><testcase classname="tests.test_match_handler_helpers_extra" name="test_weather_weighted_pick_single_rule_is_always_chosen" time="0.000" /><testcase classname="tests.test_match_handler_helpers_extra" name="test_resolve_weather_name_falls_back_to_card_title" time="0.000" /><testcase classname="tests.test_match_handler_helpers_extra" name="test_resolve_weather_name_none_when_nothing_resolves" time="0.000" /><testcase classname="tests.test_match_handler_helpers_extra" name="test_current_weather_payload_none_when_id_absent" time="0.000" /><testcase classname="tests.test_match_handler_helpers_extra" name="test_current_weather_payload_none_when_rule_dangling" time="0.000" /><testcase classname="tests.test_match_handler_helpers_extra" name="test_visited_locations_payload_covers_neighbor_edges" time="0.001" /><testcase classname="tests.test_match_handler_helpers_extra" name="test_visited_locations_payload_condition_not_met" time="0.001" /><testcase classname="tests.test_match_handler_helpers_extra" name="test_get_admin_locations_requires_uuid" time="0.000" /><testcase classname="tests.test_match_handler_helpers_extra" name="test_get_admin_locations_match_not_found" time="0.000" /><testcase classname="tests.test_match_handler_logs" name="test_ms_to_iso_converts_and_handles_none_and_garbage" time="0.000" /><testcase classname="tests.test_match_handler_logs" name="test_get_match_logs_returns_full_timeline" time="0.001" /><testcase classname="tests.test_match_handler_logs" name="test_get_match_logs_empty_match_returns_empty_list" time="0.001" /><testcase classname="tests.test_match_handler_logs" name="test_get_match_logs_unknown_match_returns_404" time="0.001" /><testcase classname="tests.test_match_handler_logs" name="test_get_match_logs_of_another_user_returns_404" time="0.001" /><testcase classname="tests.test_match_handler_logs" name="test_edge_state_rows_are_skipped_not_shown_as_event" time="0.001" /><testcase classname="tests.test_match_handler_logs" name="test_get_match_logs_without_token_returns_401" time="0.000" /><testcase classname="tests.test_match_handler_logs" name="test_admin_logs_skips_the_ownership_check" time="0.001" /><testcase classname="tests.test_match_handler_logs" name="test_admin_logs_blank_uuid_returns_400" time="0.001" /><testcase classname="tests.test_match_handler_logs" name="test_admin_logs_unknown_match_returns_404" time="0.001" /><testcase classname="tests.test_match_handler_logs" name="test_cursor_helpers_round_trip" time="0.000" /><testcase classname="tests.test_match_handler_logs" name="test_clamp_limit_bounds" time="0.000" /><testcase classname="tests.test_match_handler_logs" name="test_first_page_is_capped_and_exposes_next_cursor" time="0.001" /><testcase classname="tests.test_match_handler_logs" name="test_next_cursor_walks_to_the_end_then_goes_none" time="0.001" /><testcase classname="tests.test_match_handler_logs" name="test_offset_past_the_end_returns_an_empty_page" time="0.001" /><testcase classname="tests.test_match_handler_logs" name="test_normalize_order_accepts_only_desc" time="0.000" /><testcase classname="tests.test_match_handler_logs" name="test_desc_starts_from_the_newest_entry" time="0.001" /><testcase classname="tests.test_match_handler_logs" name="test_desc_cursor_walks_towards_the_older_entries" time="0.001" /><testcase classname="tests.test_match_handler_logs" name="test_desc_reverses_entries_of_every_type" time="0.001" /><testcase classname="tests.test_match_handler_logs" name="test_unknown_order_falls_back_to_ascending" time="0.001" /><testcase classname="tests.test_match_handler_logs" name="test_admin_endpoint_honours_the_order_too" time="0.001" /><testcase classname="tests.test_match_handler_logs" name="test_weather_and_movement_entries_carry_their_cards" time="0.001" /><testcase classname="tests.test_match_handler_logs" name="test_movement_entry_names_the_character_that_moved" time="0.001" /><testcase classname="tests.test_match_handler_logs" name="test_event_entry_carries_its_own_card_and_character" time="0.001" /><testcase classname="tests.test_match_handler_logs" name="test_entries_without_a_card_resolve_to_null" time="0.001" /><testcase classname="tests.test_match_handler_neighbor_availability" name="test_walkable_path_is_available_with_no_reason" time="0.001" /><testcase classname="tests.test_match_handler_neighbor_availability" name="test_coma_closes_every_path" time="0.001" /><testcase classname="tests.test_match_handler_neighbor_availability" name="test_sleeping_closes_every_path" time="0.001" /><testcase classname="tests.test_match_handler_neighbor_availability" name="test_match_not_running_closes_every_path" time="0.001" /><testcase classname="tests.test_match_handler_neighbor_availability" name="test_insufficient_energy_counts_edge_plus_entry" time="0.001" /><testcase classname="tests.test_match_handler_neighbor_availability" name="test_unmet_registry_condition_closes_the_path" time="0.002" /><testcase classname="tests.test_match_handler_neighbor_availability" name="test_destination_at_capacity" time="0.001" /><testcase classname="tests.test_match_handler_router_fallbacks" name="test_player_routes_resolve_uuid_from_path_segments" time="0.002" /><testcase classname="tests.test_match_handler_router_fallbacks" name="test_body_routes_reject_invalid_json" time="0.001" /><testcase classname="tests.test_match_handler_router_fallbacks" name="test_unknown_route_is_404" time="0.001" /><testcase classname="tests.test_match_handler_router_fallbacks" name="test_admin_routes_resolve_uuid_from_path_segments" time="0.001" /><testcase classname="tests.test_match_handler_router_fallbacks" name="test_admin_change_statistics_route" time="0.001" /><testcase classname="tests.test_match_handler_router_fallbacks" name="test_admin_change_statistics_uuid_from_segments" time="0.001" /><testcase classname="tests.test_match_handler_router_fallbacks" name="test_admin_unknown_subroute_is_404" time="0.001" /><testcase classname="tests.test_match_handler_router_fallbacks" name="test_admin_route_forbidden_for_player" time="0.001" /><testcase classname="tests.test_match_handler_router_fallbacks" name="test_options_preflight_short_circuits" time="0.000" /><testcase classname="tests.test_match_handler_select_choice" name="test_unknown_option_is_not_found" time="0.001" /><testcase classname="tests.test_match_handler_select_choice" name="test_missing_choice_uuid_is_a_bad_request" time="0.002" /><testcase classname="tests.test_match_handler_select_choice" name="test_option_whose_owning_event_is_missing_is_rejected" time="0.002" /><testcase classname="tests.test_match_handler_select_choice" name="test_match_not_running_is_rejected" time="0.002" /><testcase classname="tests.test_match_handler_select_choice" name="test_coma_outranks_sleep" time="0.001" /><testcase classname="tests.test_match_handler_select_choice" name="test_sleeping_character_cannot_resolve" time="0.001" /><testcase classname="tests.test_match_handler_select_choice" name="test_event_never_opened_has_no_cycle_to_close" time="0.001" /><testcase classname="tests.test_match_handler_select_choice" name="test_resolving_twice_is_rejected" time="0.002" /><testcase classname="tests.test_match_handler_select_choice" name="test_option_that_became_unavailable_is_rejected" time="0.002" /><testcase classname="tests.test_match_handler_select_choice" name="test_a_rejected_resolution_writes_nothing" time="0.002" /><testcase classname="tests.test_match_handler_select_choice" name="test_resolution_charges_nothing" time="0.001" /><testcase classname="tests.test_match_handler_select_choice" name="test_the_cycle_is_closed_and_the_history_recorded" time="0.001" /><testcase classname="tests.test_match_handler_select_choice" name="test_ordinary_option_records_no_milestone" time="0.001" /><testcase classname="tests.test_match_handler_select_choice" name="test_is_progress_option_records_the_milestone" time="0.001" /><testcase classname="tests.test_match_handler_select_choice" name="test_reveals_the_narrative_step31_withheld" time="0.001" /><testcase classname="tests.test_match_handler_select_choice" name="test_the_narrative_follows_the_requested_lang" time="0.001" /><testcase classname="tests.test_match_handler_select_choice" name="test_a_stat_effect_moves_the_stat" time="0.002" /><testcase classname="tests.test_match_handler_select_choice" name="test_flag_group_zero_touches_the_actor_alone" time="0.002" /><testcase classname="tests.test_match_handler_select_choice" name="test_flag_group_one_is_location_scoped" time="0.002" /><testcase classname="tests.test_match_handler_select_choice" name="test_the_whole_effect_vocabulary_lands_at_once" time="0.002" /><testcase classname="tests.test_match_handler_select_choice" name="test_value_to_remove_clears_the_key_only_on_a_match" time="0.004" /><testcase classname="tests.test_match_handler_select_choice" name="test_id_event_torun_runs_with_its_chain_and_is_not_charged" time="0.002" /><testcase classname="tests.test_match_handler_select_choice" name="test_a_linked_choice_event_presents_its_options_for_free" time="0.001" /><testcase classname="tests.test_match_handler_select_choice" name="test_flag_end_time_on_a_linked_event_ends_the_time_unit" time="0.002" /><testcase classname="tests.test_match_handler_select_choice" name="test_the_payload_is_the_execute_event_one_plus_the_choice_block" time="0.001" /><testcase classname="tests.test_match_handler_select_choice" name="test_the_linked_chain_walks_id_event_next" time="0.001" /><testcase classname="tests.test_match_handler_select_choice" name="test_a_dangling_or_spent_link_is_authored_noise" time="0.001" /><testcase classname="tests.test_match_handler_select_choice" name="test_a_lethal_linked_event_stops_the_chain" time="0.001" /><testcase classname="tests.test_match_handler_select_choice" name="test_a_lethal_choice_row_stops_the_consequences_but_not_its_siblings" time="0.001" /><testcase classname="tests.test_match_handler_select_choice" name="test_a_normal_linked_event_runs_even_if_the_match_already_executed_it" time="0.001" /><testcase classname="tests.test_match_handler_select_choice" name="test_a_spent_once_linked_event_is_still_barred" time="0.001" /><testcase classname="tests.test_match_handler_select_choice" name="test_a_link_is_not_run_twice_within_one_resolution" time="0.003" /><testcase classname="tests.test_movement_handler" name="test_move_success_deducts_energy" time="0.001" /><testcase classname="tests.test_movement_handler" name="test_move_applies_weather_modifier_unsafe" time="0.001" /><testcase classname="tests.test_movement_handler" name="test_move_missing_target" time="0.001" /><testcase classname="tests.test_movement_handler" name="test_move_match_not_found" time="0.001" /><testcase classname="tests.test_movement_handler" name="test_move_not_running" time="0.001" /><testcase classname="tests.test_movement_handler" name="test_move_sleeping_blocked" time="0.001" /><testcase classname="tests.test_movement_handler" name="test_move_not_a_neighbor" time="0.001" /><testcase classname="tests.test_movement_handler" name="test_move_insufficient_energy" time="0.001" /><testcase classname="tests.test_movement_handler" name="test_move_condition_not_met" time="0.001" /><testcase classname="tests.test_movement_handler" name="test_move_one_way_backward_blocked" time="0.001" /><testcase classname="tests.test_movement_handler" name="test_move_two_way_backward_allowed" time="0.001" /><testcase classname="tests.test_movement_handler" name="test_locations_one_way_backward_hidden" time="0.001" /><testcase classname="tests.test_movement_handler" name="test_locations_lists_visited_with_total_cost" time="0.001" /><testcase classname="tests.test_movement_handler" name="test_locations_resolves_location_and_neighbor_cards" time="0.001" /><testcase classname="tests.test_movement_handler" name="test_locations_hides_unvisited_neighbor_card" time="0.001" /><testcase classname="tests.test_movement_handler" name="test_locations_cards_localized_with_english_fallback" time="0.001" /><testcase classname="tests.test_movement_handler" name="test_admin_locations" time="0.001" /><testcase classname="tests.test_movements" name="test_available_has_no_reason" time="0.000" /><testcase classname="tests.test_movements" name="test_no_character_cannot_act" time="0.000" /><testcase classname="tests.test_movements" name="test_empty_context_never_yields_a_silent_yes" time="0.000" /><testcase classname="tests.test_movements" name="test_match_not_running" time="0.000" /><testcase classname="tests.test_movements" name="test_coma" time="0.000" /><testcase classname="tests.test_movements" name="test_sleeping" time="0.000" /><testcase classname="tests.test_movements" name="test_coma_outranks_sleep" time="0.000" /><testcase classname="tests.test_movements" name="test_mover_state_outranks_the_edge_cost" time="0.000" /><testcase classname="tests.test_movements" name="test_no_edge_means_not_a_neighbor" time="0.000" /><testcase classname="tests.test_movements" name="test_condition_not_met" time="0.000" /><testcase classname="tests.test_movements" name="test_overweight" time="0.000" /><testcase classname="tests.test_movements" name="test_insufficient_energy" time="0.000" /><testcase classname="tests.test_movements" name="test_exactly_enough_energy_is_allowed" time="0.000" /><testcase classname="tests.test_movements" name="test_location_full" time="0.000" /><testcase classname="tests.test_movements" name="test_no_capacity_limit_however_crowded" time="0.000" /><testcase classname="tests.test_movements" name="test_move_check_context_reads_the_character_flags" time="0.000" /><testcase classname="tests.test_movements" name="test_move_check_context_without_a_character" time="0.000" /><testcase classname="tests.test_seed_handler" name="test_cleanup_returns_403_when_not_dev" time="0.001" /><testcase classname="tests.test_seed_handler" name="test_cleanup_deletes_only_robot_data_and_seed_stories" time="0.001" /><testcase classname="tests.test_seed_handler" name="test_cleanup_with_no_robot_data_returns_zero" time="0.001" /><testcase classname="tests.test_seed_handler_seed" name="test_seed_route_inserts_users_and_stories" time="0.001" /><testcase classname="tests.test_seed_handler_seed" name="test_seed_step29_events_cover_every_check_branch" time="0.000" /><testcase classname="tests.test_seed_handler_seed" name="test_seed_route_blocked_outside_dev" time="0.000" /><testcase classname="tests.test_story_handler" name="test_unknown_route_returns_404" time="0.001" /><testcase classname="tests.test_story_handler" name="test_list_stories_returns_200" time="0.001" /><testcase classname="tests.test_story_handler" name="test_list_stories_empty" time="0.000" /><testcase classname="tests.test_story_handler" name="test_list_categories_returns_200" time="0.000" /><testcase classname="tests.test_story_handler" name="test_list_groups_returns_200" time="0.000" /><testcase classname="tests.test_story_handler" name="test_get_story_found_returns_200" time="0.000" /><testcase classname="tests.test_story_handler" name="test_get_story_not_found_returns_404" time="0.000" /><testcase classname="tests.test_story_handler" name="test_list_stories_by_category" time="0.001" /><testcase classname="tests.test_story_handler" name="test_admin_list_stories_requires_auth" time="0.000" /><testcase classname="tests.test_story_handler" name="test_admin_list_stories_player_forbidden" time="0.001" /><testcase classname="tests.test_story_handler" name="test_admin_list_stories_admin_returns_200" time="0.001" /><testcase classname="tests.test_story_handler" name="test_delete_story_requires_admin" time="0.000" /><testcase classname="tests.test_story_handler" name="test_delete_story_not_found_returns_404" time="0.001" /><testcase classname="tests.test_story_handler" name="test_delete_story_success_returns_200" time="0.001" /><testcase classname="tests.test_story_handler" name="test_get_admin_story_found" time="0.000" /><testcase classname="tests.test_story_handler" name="test_get_admin_story_not_found_returns_404" time="0.000" /><testcase classname="tests.test_story_handler" name="test_list_stories_by_group" time="0.001" /><testcase classname="tests.test_story_handler" name="test_safe_int_variants" time="0.000" /><testcase classname="tests.test_story_handler" name="test_resolve_text" time="0.000" /><testcase classname="tests.test_story_handler" name="test_resolve_text_per_field_english_fallback" time="0.000" /><testcase classname="tests.test_story_handler" name="test_resolve_story_text_prefers_raw_texts" time="0.000" /><testcase classname="tests.test_story_handler" name="test_resolve_story_text_falls_back_to_derived_map_for_seed" time="0.000" /><testcase classname="tests.test_story_handler" name="test_list_stories_lang_it_resolves_title_from_raw_texts" time="0.000" /><testcase classname="tests.test_story_handler" name="test_assign_uuids" time="0.000" /><testcase classname="tests.test_story_handler" name="test_assign_ids" time="0.000" /><testcase classname="tests.test_story_handler" name="test_build_sub_entity_texts" time="0.000" /><testcase classname="tests.test_story_handler" name="test_normalize_entity_input_card_alias" time="0.000" /><testcase classname="tests.test_story_handler" name="test_normalize_entity_output_creator_idcard" time="0.000" /><testcase classname="tests.test_story_handler" name="test_import_story_requires_admin" time="0.000" /><testcase classname="tests.test_story_handler" name="test_import_story_empty_body" time="0.000" /><testcase classname="tests.test_story_handler" name="test_import_story_invalid_json" time="0.000" /><testcase classname="tests.test_story_handler" name="test_import_story_id_collision" time="0.001" /><testcase classname="tests.test_story_handler" name="test_import_story_success_full_payload" time="0.002" /><testcase classname="tests.test_story_handler" name="test_import_story_persists_character_template_class_fields" time="0.002" /><testcase classname="tests.test_story_handler" name="test_import_story_resolves_inline_cards_for_gameplay" time="0.001" /><testcase classname="tests.test_story_handler" name="test_import_story_replaces_existing" time="0.001" /><testcase classname="tests.test_story_handler" name="test_create_story_requires_admin" time="0.000" /><testcase classname="tests.test_story_handler" name="test_create_story_invalid_json" time="0.000" /><testcase classname="tests.test_story_handler" name="test_create_story_success" time="0.001" /><testcase classname="tests.test_story_handler" name="test_create_story_empty_body_returns_400" time="0.000" /><testcase classname="tests.test_story_handler" name="test_update_story_not_found" time="0.001" /><testcase classname="tests.test_story_handler" name="test_update_story_invalid_json" time="0.001" /><testcase classname="tests.test_story_handler" name="test_update_story_success" time="0.001" /><testcase classname="tests.test_story_handler" name="test_list_entities_story_not_found" time="0.000" /><testcase classname="tests.test_story_handler" name="test_list_entities_unknown_type_returns_empty" time="0.000" /><testcase classname="tests.test_story_handler" name="test_list_entities_success" time="0.000" /><testcase classname="tests.test_story_handler" name="test_create_entity_story_not_found" time="0.001" /><testcase classname="tests.test_story_handler" name="test_create_entity_invalid_type" time="0.000" /><testcase classname="tests.test_story_handler" name="test_create_entity_success" time="0.001" /><testcase classname="tests.test_story_handler" name="test_create_entity_card_sets_idcard" time="0.001" /><testcase classname="tests.test_story_handler" name="test_create_entity_id_is_max_plus_one_not_len_plus_one" time="0.001" /><testcase classname="tests.test_story_handler" name="test_get_entity_not_found" time="0.000" /><testcase classname="tests.test_story_handler" name="test_get_entity_success" time="0.000" /><testcase classname="tests.test_story_handler" name="test_update_entity_not_found" time="0.000" /><testcase classname="tests.test_story_handler" name="test_update_entity_success" time="0.001" /><testcase classname="tests.test_story_handler" name="test_delete_entity_not_found" time="0.000" /><testcase classname="tests.test_story_handler" name="test_delete_entity_success" time="0.001" /><testcase classname="tests.test_story_handler" name="test_import_story_with_card_resolution" time="0.001" /><testcase classname="tests.test_story_handler" name="test_import_story_auto_generates_uuid_and_id" time="0.001" /><testcase classname="tests.test_story_handler" name="test_get_story_with_enriched_entities" time="0.001" /><testcase classname="tests.test_story_handler" name="test_import_story_invalid_reference_returns_400" time="0.001" /><testcase classname="tests.test_story_handler" name="test_validate_story_endpoint_returns_report" time="0.000" /><testcase classname="tests.test_story_handler" name="test_validate_story_endpoint_not_found" time="0.000" /><testcase classname="tests.test_story_handler" name="test_create_entity_class_conflict_returns_400" time="0.000" /><testcase classname="tests.test_story_handler" name="test_list_traits_for_class_filters" time="0.000" /><testcase classname="tests.test_story_handler" name="test_list_traits_for_class_story_not_found" time="0.001" /><testcase classname="tests.test_story_handler" name="test_list_traits_for_class_class_not_found" time="0.001" /><testcase classname="tests.test_story_handler_entity_crud" name="test_list_entities_success_and_story_missing" time="0.001" /><testcase classname="tests.test_story_handler_entity_crud" name="test_list_entities_unknown_type_returns_empty" time="0.001" /><testcase classname="tests.test_story_handler_entity_crud" name="test_create_entity_success_and_invalid_type" time="0.001" /><testcase classname="tests.test_story_handler_entity_crud" name="test_create_entity_invalid_json" time="0.000" /><testcase classname="tests.test_story_handler_entity_crud" name="test_get_entity_found_and_missing" time="0.001" /><testcase classname="tests.test_story_handler_entity_crud" name="test_update_entity_success_and_missing" time="0.001" /><testcase classname="tests.test_story_handler_entity_crud" name="test_delete_entity_branches" time="0.001" /><testcase classname="tests.test_story_handler_guards" name="test_admin_guard_blocks_every_entity_route" time="0.000" /><testcase classname="tests.test_story_handler_guards" name="test_check_admin_ip_separators_only_allows" time="0.001" /><testcase classname="tests.test_story_handler_guards" name="test_require_admin_rejects_whitelisted_ip_before_jwt" time="0.000" /><testcase classname="tests.test_story_handler_guards" name="test_require_admin_mock_token_user_not_found" time="0.001" /><testcase classname="tests.test_story_handler_guards" name="test_unknown_entity_type_returns_404" time="0.001" /><testcase classname="tests.test_story_handler_guards" name="test_missing_story_returns_404_on_entity_routes" time="0.001" /><testcase classname="tests.test_story_handler_guards" name="test_get_entity_returns_normalized_entity" time="0.001" /><testcase classname="tests.test_story_handler_guards" name="test_get_entity_missing_uuid_returns_404" time="0.001" /><testcase classname="tests.test_story_handler_guards" name="test_update_entity_invalid_json_returns_400" time="0.001" /><testcase classname="tests.test_story_handler_guards" name="test_update_entity_local_validation_failure_returns_400" time="0.001" /><testcase classname="tests.test_story_handler_guards" name="test_update_entity_cards_syncs_idcard_from_id" time="0.001" /><testcase classname="tests.test_story_handler_guards" name="test_normalize_entity_input_passes_through_non_dict" time="0.000" /><testcase classname="tests.test_story_handler_guards" name="test_normalize_entity_output_passes_through_non_dict" time="0.000" /><testcase classname="tests.test_story_handler_guards" name="test_normalize_entity_output_creators_aliases_id_card_both_ways" time="0.000" /><testcase classname="tests.test_story_handler_guards" name="test_normalize_entity_output_cards_promotes_image_url" time="0.000" /><testcase classname="tests.test_story_handler_helpers" name="test_safe_int_and_resolve_text" time="0.000" /><testcase classname="tests.test_story_handler_helpers" name="test_resolve_raw_text_with_language_fallback" time="0.000" /><testcase classname="tests.test_story_handler_helpers" name="test_check_admin_ip_whitelist_branches" time="0.001" /><testcase classname="tests.test_story_handler_helpers" name="test_require_admin_jwt_branch" time="0.001" /><testcase classname="tests.test_story_validator" name="test_valid_story_passes" time="0.000" /><testcase classname="tests.test_story_validator" name="test_empty_reported" time="0.000" /><testcase classname="tests.test_story_validator" name="test_dangling_location_start" time="0.000" /><testcase classname="tests.test_story_validator" name="test_zero_reference_is_none" time="0.000" /><testcase classname="tests.test_story_validator" name="test_neighbor_missing_location" time="0.000" /><testcase classname="tests.test_story_validator" name="test_neighbor_self_loop" time="0.000" /><testcase classname="tests.test_story_validator" name="test_event_chain_cycle" time="0.000" /><testcase classname="tests.test_story_validator" name="test_long_acyclic_chain_passes" time="0.000" /><testcase classname="tests.test_story_validator" name="test_choice_without_option_or_otherwise" time="0.000" /><testcase classname="tests.test_story_validator" name="test_choice_with_effect_passes" time="0.000" /><testcase classname="tests.test_story_validator" name="test_condition_unknown_key" time="0.000" /><testcase classname="tests.test_story_validator" name="test_condition_non_keys_type_is_not_a_registry_ref" time="0.000" /><testcase classname="tests.test_story_validator" name="test_r8_choice_without_event_fails" time="0.000" /><testcase classname="tests.test_story_validator" name="test_r8_choice_with_location_fails" time="0.000" /><testcase classname="tests.test_story_validator" name="test_r8_non_positive_location_reads_as_none" time="0.000" /><testcase classname="tests.test_story_validator" name="test_r8_crud_local_tolerates_a_draft_without_event" time="0.000" /><testcase classname="tests.test_story_validator" name="test_r8_crud_local_rejects_a_location" time="0.000" /><testcase classname="tests.test_story_validator" name="test_item_refers_missing_class" time="0.000" /><testcase classname="tests.test_story_validator" name="test_template_negative_stat" time="0.000" /><testcase classname="tests.test_story_validator" name="test_template_permitted_equals_prohibited" time="0.000" /><testcase classname="tests.test_story_validator" name="test_forward_class_reference_allowed" time="0.000" /><testcase classname="tests.test_story_validator" name="test_bad_stat_range_rejected" time="0.000" /><testcase classname="tests.test_story_validator" name="test_class_conflict_rejected" time="0.000" /><testcase classname="tests.test_story_validator" name="test_difficulty_range_rejected" time="0.000" /><testcase classname="tests.test_story_validator" name="test_unknown_entity_type_is_valid" time="0.000" /><testcase classname="tests.test_story_validator" name="test_summary_compact" time="0.000" /><testcase classname="tests.test_story_validator" name="test_helpers_field_asint_truthy_summary" time="0.000" /><testcase classname="tests.test_story_validator" name="test_all_collectors_flag_broken_references" time="0.000" /><testcase classname="tests.test_story_validator" name="test_validate_entity_local_rules" time="0.000" /><testcase classname="tests.test_story_validator" name="test_dangling_choice_effect_targets_are_reported" time="0.000" /><testcase classname="tests.test_story_validator" name="test_real_choice_effect_targets_pass" time="0.000" /><testcase classname="tests.test_time_advancement_handler" name="test_sleep_triggers_time_end_and_advances_clock" time="0.002" /><testcase classname="tests.test_time_advancement_handler" name="test_sleep_without_trigger_keeps_clock" time="0.001" /><testcase classname="tests.test_time_advancement_handler" name="test_sleep_on_non_running_returns_409" time="0.001" /><testcase classname="tests.test_time_advancement_handler" name="test_sleep_unknown_match_returns_404" time="0.001" /><testcase classname="tests.test_time_advancement_handler" name="test_sleep_caller_without_character_returns_404" time="0.002" /><testcase classname="tests.test_time_advancement_handler" name="test_sleep_recovers_stats_and_decrements_counter" time="0.002" /><testcase classname="tests.test_time_advancement_handler" name="test_sleep_reseeds_zero_counter_for_occupied_location" time="0.001" /><testcase classname="tests.test_time_advancement_handler" name="test_clock_returns_labels_and_character_state" time="0.001" /><testcase classname="tests.test_time_advancement_handler" name="test_clock_resolves_labels_from_texts_when_descriptions_absent" time="0.001" /><testcase classname="tests.test_time_advancement_handler" name="test_clock_labels_null_when_story_has_no_clock_data" time="0.001" /><testcase classname="tests.test_time_advancement_handler" name="test_clock_not_owner_returns_404" time="0.001" /><testcase classname="tests.test_time_advancement_handler" name="test_clock_without_token_returns_401" time="0.001" /><testcase classname="tests.test_time_advancement_handler" name="test_sleep_in_a_safe_location_wakes_from_coma" time="0.001" /><testcase classname="tests.test_time_advancement_handler" name="test_sleep_in_an_unsafe_location_does_not_wake_from_coma" time="0.002" /><testcase classname="tests.test_turn_cycle_handler" name="test_start_match_transitions_to_running" time="0.001" /><testcase classname="tests.test_turn_cycle_handler" name="test_start_match_queue_ordered_by_priority_desc" time="0.001" /><testcase classname="tests.test_turn_cycle_handler" name="test_start_already_running_returns_409" time="0.001" /><testcase classname="tests.test_turn_cycle_handler" name="test_start_without_characters_returns_409" time="0.001" /><testcase classname="tests.test_turn_cycle_handler" name="test_start_unknown_match_returns_404" time="0.001" /><testcase classname="tests.test_turn_cycle_handler" name="test_start_not_owner_returns_404" time="0.001" /><testcase classname="tests.test_turn_cycle_handler" name="test_pass_turn_advances_cycle" time="0.001" /><testcase classname="tests.test_turn_cycle_handler" name="test_pass_turn_increments_pass_counter" time="0.001" /><testcase classname="tests.test_turn_cycle_handler" name="test_pass_single_character_new_round_reactivates" time="0.001" /><testcase classname="tests.test_turn_cycle_handler" name="test_pass_on_non_running_returns_409" time="0.001" /><testcase classname="tests.test_turn_cycle_handler" name="test_turn_sequence_returns_queue" time="0.001" /><testcase classname="tests.test_turn_cycle_handler" name="test_turn_sequence_without_token_returns_401" time="0.002" /><testcase classname="tests.test_weather_handler" name="test_sleep_selects_weather_deterministically" time="0.002" /><testcase classname="tests.test_weather_handler" name="test_weather_endpoint_returns_current_with_resolved_card" time="0.001" /><testcase classname="tests.test_weather_handler" name="test_weather_endpoint_404_when_none" time="0.001" /><testcase classname="tests.test_weather_handler" name="test_admin_weather_endpoint_returns_seed_current_and_log" time="0.001" /><testcase classname="tests.test_weather_handler" name="test_admin_weather_blank_uuid_returns_400" time="0.000" /><testcase classname="tests.test_weather_handler" name="test_weather_blank_uuid_returns_400" time="0.000" /><testcase classname="tests.test_weather_handler" name="test_weather_selection_tolerates_decimal_seed_from_dynamodb" time="0.000" /></testsuite></testsuites>